Determining if the pthread_create exist failed with the following output:
Change Dir: /scratch/user/roeebelkin/14-peas-in-a-pod/bubble sort/CMakeFiles/CMakeTmp

Run Build Command:"/usr/bin/gmake" "cmTC_e2a79/fast"
/usr/bin/gmake -f CMakeFiles/cmTC_e2a79.dir/build.make CMakeFiles/cmTC_e2a79.dir/build
gmake[1]: Entering directory `/scratch/user/roeebelkin/14-peas-in-a-pod/bubble sort/CMakeFiles/CMakeTmp'
Building C object CMakeFiles/cmTC_e2a79.dir/CheckSymbolExists.c.o
/sw/eb/sw/GCCcore/10.2.0/bin/cc    -o CMakeFiles/cmTC_e2a79.dir/CheckSymbolExists.c.o   -c "/scratch/user/roeebelkin/14-peas-in-a-pod/bubble sort/CMakeFiles/CMakeTmp/CheckSymbolExists.c"
Linking C executable cmTC_e2a79
/sw/eb/sw/CMake/3.12.1/bin/cmake -E cmake_link_script CMakeFiles/cmTC_e2a79.dir/link.txt --verbose=1
/sw/eb/sw/GCCcore/10.2.0/bin/cc      CMakeFiles/cmTC_e2a79.dir/CheckSymbolExists.c.o  -o cmTC_e2a79 
CMakeFiles/cmTC_e2a79.dir/CheckSymbolExists.c.o:CheckSymbolExists.c:function main: error: undefined reference to 'pthread_create'
collect2: error: ld returned 1 exit status
gmake[1]: *** [cmTC_e2a79] Error 1
gmake[1]: Leaving directory `/scratch/user/roeebelkin/14-peas-in-a-pod/bubble sort/CMakeFiles/CMakeTmp'
gmake: *** [cmTC_e2a79/fast] Error 2

File /scratch/user/roeebelkin/14-peas-in-a-pod/bubble sort/CMakeFiles/CMakeTmp/CheckSymbolExists.c:
/* */
#include <pthread.h>

int main(int argc, char** argv)
{
  (void)argv;
#ifndef pthread_create
  return ((int*)(&pthread_create))[argc];
#else
  (void)argc;
  return 0;
#endif
}

Determining if the function pthread_create exists in the pthreads failed with the following output:
Change Dir: /scratch/user/roeebelkin/14-peas-in-a-pod/bubble sort/CMakeFiles/CMakeTmp

Run Build Command:"/usr/bin/gmake" "cmTC_e9128/fast"
/usr/bin/gmake -f CMakeFiles/cmTC_e9128.dir/build.make CMakeFiles/cmTC_e9128.dir/build
gmake[1]: Entering directory `/scratch/user/roeebelkin/14-peas-in-a-pod/bubble sort/CMakeFiles/CMakeTmp'
Building C object CMakeFiles/cmTC_e9128.dir/CheckFunctionExists.c.o
/sw/eb/sw/GCCcore/10.2.0/bin/cc   -DCHECK_FUNCTION_EXISTS=pthread_create   -o CMakeFiles/cmTC_e9128.dir/CheckFunctionExists.c.o   -c /sw/eb/sw/CMake/3.12.1/share/cmake-3.12/Modules/CheckFunctionExists.c
Linking C executable cmTC_e9128
/sw/eb/sw/CMake/3.12.1/bin/cmake -E cmake_link_script CMakeFiles/cmTC_e9128.dir/link.txt --verbose=1
/sw/eb/sw/GCCcore/10.2.0/bin/cc  -DCHECK_FUNCTION_EXISTS=pthread_create    CMakeFiles/cmTC_e9128.dir/CheckFunctionExists.c.o  -o cmTC_e9128 -lpthreads 
/sw/eb/sw/binutils/2.35-GCCcore-10.2.0/bin/ld.gold: error: cannot find -lpthreads
CMakeFiles/cmTC_e9128.dir/CheckFunctionExists.c.o:CheckFunctionExists.c:function main: error: undefined reference to 'pthread_create'
collect2: error: ld returned 1 exit status
gmake[1]: *** [cmTC_e9128] Error 1
gmake[1]: Leaving directory `/scratch/user/roeebelkin/14-peas-in-a-pod/bubble sort/CMakeFiles/CMakeTmp'
gmake: *** [cmTC_e9128/fast] Error 2


