The system is: Linux - 3.10.0-1160.102.1.el7.x86_64 - x86_64
Compiling the C compiler identification source file "CMakeCCompilerId.c" succeeded.
Compiler: /sw/eb/sw/GCCcore/10.2.0/bin/cc 
Build flags: 
Id flags:  

The output was:
0


Compilation of the C compiler identification source "CMakeCCompilerId.c" produced "a.out"

The C compiler identification is GNU, found in "/scratch/user/roeebelkin/14-peas-in-a-pod/bubble sort/CMakeFiles/3.12.1/CompilerIdC/a.out"

Compiling the CXX compiler identification source file "CMakeCXXCompilerId.cpp" succeeded.
Compiler: /sw/eb/sw/GCCcore/10.2.0/bin/c++ 
Build flags: 
Id flags:  

The output was:
0


Compilation of the CXX compiler identification source "CMakeCXXCompilerId.cpp" produced "a.out"

The CXX compiler identification is GNU, found in "/scratch/user/roeebelkin/14-peas-in-a-pod/bubble sort/CMakeFiles/3.12.1/CompilerIdCXX/a.out"

Determining if the C compiler works passed with the following output:
Change Dir: /scratch/user/roeebelkin/14-peas-in-a-pod/bubble sort/CMakeFiles/CMakeTmp

Run Build Command:"/usr/bin/gmake" "cmTC_fc85f/fast"
/usr/bin/gmake -f CMakeFiles/cmTC_fc85f.dir/build.make CMakeFiles/cmTC_fc85f.dir/build
gmake[1]: Entering directory `/scratch/user/roeebelkin/14-peas-in-a-pod/bubble sort/CMakeFiles/CMakeTmp'
Building C object CMakeFiles/cmTC_fc85f.dir/testCCompiler.c.o
/sw/eb/sw/GCCcore/10.2.0/bin/cc    -o CMakeFiles/cmTC_fc85f.dir/testCCompiler.c.o   -c "/scratch/user/roeebelkin/14-peas-in-a-pod/bubble sort/CMakeFiles/CMakeTmp/testCCompiler.c"
Linking C executable cmTC_fc85f
/sw/eb/sw/CMake/3.12.1/bin/cmake -E cmake_link_script CMakeFiles/cmTC_fc85f.dir/link.txt --verbose=1
/sw/eb/sw/GCCcore/10.2.0/bin/cc      -rdynamic CMakeFiles/cmTC_fc85f.dir/testCCompiler.c.o  -o cmTC_fc85f 
gmake[1]: Leaving directory `/scratch/user/roeebelkin/14-peas-in-a-pod/bubble sort/CMakeFiles/CMakeTmp'


Detecting C compiler ABI info compiled with the following output:
Change Dir: /scratch/user/roeebelkin/14-peas-in-a-pod/bubble sort/CMakeFiles/CMakeTmp

Run Build Command:"/usr/bin/gmake" "cmTC_be253/fast"
/usr/bin/gmake -f CMakeFiles/cmTC_be253.dir/build.make CMakeFiles/cmTC_be253.dir/build
gmake[1]: Entering directory `/scratch/user/roeebelkin/14-peas-in-a-pod/bubble sort/CMakeFiles/CMakeTmp'
Building C object CMakeFiles/cmTC_be253.dir/CMakeCCompilerABI.c.o
/sw/eb/sw/GCCcore/10.2.0/bin/cc    -o CMakeFiles/cmTC_be253.dir/CMakeCCompilerABI.c.o   -c /sw/eb/sw/CMake/3.12.1/share/cmake-3.12/Modules/CMakeCCompilerABI.c
Linking C executable cmTC_be253
/sw/eb/sw/CMake/3.12.1/bin/cmake -E cmake_link_script CMakeFiles/cmTC_be253.dir/link.txt --verbose=1
/sw/eb/sw/GCCcore/10.2.0/bin/cc     -v -rdynamic CMakeFiles/cmTC_be253.dir/CMakeCCompilerABI.c.o  -o cmTC_be253 
Using built-in specs.
COLLECT_GCC=/sw/eb/sw/GCCcore/10.2.0/bin/cc
COLLECT_LTO_WRAPPER=/sw/eb/sw/GCCcore/10.2.0/libexec/gcc/x86_64-pc-linux-gnu/10.2.0/lto-wrapper
OFFLOAD_TARGET_NAMES=nvptx-none
Target: x86_64-pc-linux-gnu
Configured with: ../configure --enable-languages=c,c++,fortran --without-cuda-driver --enable-offload-targets=nvptx-none --enable-lto --enable-checking=release --disable-multilib --enable-shared=yes --enable-static=yes --enable-threads=posix --enable-plugins --enable-gold=default --enable-ld --with-plugin-ld=ld.gold --prefix=/sw/eb/sw/GCCcore/10.2.0 --with-local-prefix=/sw/eb/sw/GCCcore/10.2.0 --enable-bootstrap --with-isl=/tmp/j-perdue/easybuild/GCCcore/10.2.0/system-system/gcc-10.2.0/stage2_stuff --build=x86_64-pc-linux-gnu --host=x86_64-pc-linux-gnu
Thread model: posix
Supported LTO compression algorithms: zlib
gcc version 10.2.0 (GCC) 
COMPILER_PATH=/sw/eb/sw/GCCcore/10.2.0/libexec/gcc/x86_64-pc-linux-gnu/10.2.0/:/sw/eb/sw/GCCcore/10.2.0/libexec/gcc/x86_64-pc-linux-gnu/10.2.0/:/sw/eb/sw/GCCcore/10.2.0/libexec/gcc/x86_64-pc-linux-gnu/:/sw/eb/sw/GCCcore/10.2.0/lib/gcc/x86_64-pc-linux-gnu/10.2.0/:/sw/eb/sw/GCCcore/10.2.0/lib/gcc/x86_64-pc-linux-gnu/
LIBRARY_PATH=/sw/eb/sw/zlib/1.2.11-intel-2020b/lib/../lib64/:/sw/eb/sw/UCX/1.9.0-GCCcore-10.2.0/lib/../lib64/:/sw/eb/sw/numactl/2.0.13-GCCcore-10.2.0/lib/../lib64/:/sw/eb/sw/binutils/2.35-GCCcore-10.2.0/lib/../lib64/:/sw/eb/sw/GCCcore/10.2.0/lib/gcc/x86_64-pc-linux-gnu/10.2.0/:/sw/eb/sw/GCCcore/10.2.0/lib/gcc/x86_64-pc-linux-gnu/10.2.0/../../../../lib64/:/lib/../lib64/:/usr/lib/../lib64/:/sw/eb/sw/zlib/1.2.11-intel-2020b/lib/:/sw/eb/sw/imkl/2020.4.304-iimpi-2020b/mkl/lib/intel64/:/sw/eb/sw/imkl/2020.4.304-iimpi-2020b/lib/intel64/:/sw/eb/sw/impi/2019.9.304-iccifort-2020.4.304/intel64/libfabric/lib/:/sw/eb/sw/impi/2019.9.304-iccifort-2020.4.304/intel64/lib/release/:/sw/eb/sw/impi/2019.9.304-iccifort-2020.4.304/intel64/lib/:/sw/eb/sw/UCX/1.9.0-GCCcore-10.2.0/lib/:/sw/eb/sw/numactl/2.0.13-GCCcore-10.2.0/lib/:/sw/eb/sw/iccifort/2020.4.304/compilers_and_libraries_2020.4.304/linux/tbb/lib/intel64/gcc4.8/:/sw/eb/sw/binutils/2.35-GCCcore-10.2.0/lib/:/sw/eb/sw/GCCcore/10.2.0/lib/gcc/x86_64-pc-linux-gnu/10.2.0/../../../:/lib/:/usr/lib/
COLLECT_GCC_OPTIONS='-v' '-rdynamic' '-o' 'cmTC_be253' '-mtune=generic' '-march=x86-64'
 /sw/eb/sw/GCCcore/10.2.0/libexec/gcc/x86_64-pc-linux-gnu/10.2.0/collect2 -plugin /sw/eb/sw/GCCcore/10.2.0/libexec/gcc/x86_64-pc-linux-gnu/10.2.0/liblto_plugin.so -plugin-opt=/sw/eb/sw/GCCcore/10.2.0/libexec/gcc/x86_64-pc-linux-gnu/10.2.0/lto-wrapper -plugin-opt=-fresolution=/tmp/ccaiwK1M.res -plugin-opt=-pass-through=-lgcc -plugin-opt=-pass-through=-lgcc_s -plugin-opt=-pass-through=-lc -plugin-opt=-pass-through=-lgcc -plugin-opt=-pass-through=-lgcc_s --eh-frame-hdr -m elf_x86_64 -export-dynamic -dynamic-linker /lib64/ld-linux-x86-64.so.2 -o cmTC_be253 /lib/../lib64/crt1.o /lib/../lib64/crti.o /sw/eb/sw/GCCcore/10.2.0/lib/gcc/x86_64-pc-linux-gnu/10.2.0/crtbegin.o -L/sw/eb/sw/zlib/1.2.11-intel-2020b/lib/../lib64 -L/sw/eb/sw/UCX/1.9.0-GCCcore-10.2.0/lib/../lib64 -L/sw/eb/sw/numactl/2.0.13-GCCcore-10.2.0/lib/../lib64 -L/sw/eb/sw/binutils/2.35-GCCcore-10.2.0/lib/../lib64 -L/sw/eb/sw/GCCcore/10.2.0/lib/gcc/x86_64-pc-linux-gnu/10.2.0 -L/sw/eb/sw/GCCcore/10.2.0/lib/gcc/x86_64-pc-linux-gnu/10.2.0/../../../../lib64 -L/lib/../lib64 -L/usr/lib/../lib64 -L/sw/eb/sw/zlib/1.2.11-intel-2020b/lib -L/sw/eb/sw/imkl/2020.4.304-iimpi-2020b/mkl/lib/intel64 -L/sw/eb/sw/imkl/2020.4.304-iimpi-2020b/lib/intel64 -L/sw/eb/sw/impi/2019.9.304-iccifort-2020.4.304/intel64/libfabric/lib -L/sw/eb/sw/impi/2019.9.304-iccifort-2020.4.304/intel64/lib/release -L/sw/eb/sw/impi/2019.9.304-iccifort-2020.4.304/intel64/lib -L/sw/eb/sw/UCX/1.9.0-GCCcore-10.2.0/lib -L/sw/eb/sw/numactl/2.0.13-GCCcore-10.2.0/lib -L/sw/eb/sw/iccifort/2020.4.304/compilers_and_libraries_2020.4.304/linux/tbb/lib/intel64/gcc4.8 -L/sw/eb/sw/binutils/2.35-GCCcore-10.2.0/lib -L/sw/eb/sw/GCCcore/10.2.0/lib/gcc/x86_64-pc-linux-gnu/10.2.0/../../.. CMakeFiles/cmTC_be253.dir/CMakeCCompilerABI.c.o -lgcc --push-state --as-needed -lgcc_s --pop-state -lc -lgcc --push-state --as-needed -lgcc_s --pop-state /sw/eb/sw/GCCcore/10.2.0/lib/gcc/x86_64-pc-linux-gnu/10.2.0/crtend.o /lib/../lib64/crtn.o
COLLECT_GCC_OPTIONS='-v' '-rdynamic' '-o' 'cmTC_be253' '-mtune=generic' '-march=x86-64'
gmake[1]: Leaving directory `/scratch/user/roeebelkin/14-peas-in-a-pod/bubble sort/CMakeFiles/CMakeTmp'


Parsed C implicit link information from above output:
  link line regex: [^( *|.*[/\])(ld|CMAKE_LINK_STARTFILE-NOTFOUND|([^/\]+-)?ld|collect2)[^/\]*( |$)]
  ignore line: [Change Dir: /scratch/user/roeebelkin/14-peas-in-a-pod/bubble sort/CMakeFiles/CMakeTmp]
  ignore line: []
  ignore line: [Run Build Command:"/usr/bin/gmake" "cmTC_be253/fast"]
  ignore line: [/usr/bin/gmake -f CMakeFiles/cmTC_be253.dir/build.make CMakeFiles/cmTC_be253.dir/build]
  ignore line: [gmake[1]: Entering directory `/scratch/user/roeebelkin/14-peas-in-a-pod/bubble sort/CMakeFiles/CMakeTmp']
  ignore line: [Building C object CMakeFiles/cmTC_be253.dir/CMakeCCompilerABI.c.o]
  ignore line: [/sw/eb/sw/GCCcore/10.2.0/bin/cc    -o CMakeFiles/cmTC_be253.dir/CMakeCCompilerABI.c.o   -c /sw/eb/sw/CMake/3.12.1/share/cmake-3.12/Modules/CMakeCCompilerABI.c]
  ignore line: [Linking C executable cmTC_be253]
  ignore line: [/sw/eb/sw/CMake/3.12.1/bin/cmake -E cmake_link_script CMakeFiles/cmTC_be253.dir/link.txt --verbose=1]
  ignore line: [/sw/eb/sw/GCCcore/10.2.0/bin/cc     -v -rdynamic CMakeFiles/cmTC_be253.dir/CMakeCCompilerABI.c.o  -o cmTC_be253 ]
  ignore line: [Using built-in specs.]
  ignore line: [COLLECT_GCC=/sw/eb/sw/GCCcore/10.2.0/bin/cc]
  ignore line: [COLLECT_LTO_WRAPPER=/sw/eb/sw/GCCcore/10.2.0/libexec/gcc/x86_64-pc-linux-gnu/10.2.0/lto-wrapper]
  ignore line: [OFFLOAD_TARGET_NAMES=nvptx-none]
  ignore line: [Target: x86_64-pc-linux-gnu]
  ignore line: [Configured with: ../configure --enable-languages=c,c++,fortran --without-cuda-driver --enable-offload-targets=nvptx-none --enable-lto --enable-checking=release --disable-multilib --enable-shared=yes --enable-static=yes --enable-threads=posix --enable-plugins --enable-gold=default --enable-ld --with-plugin-ld=ld.gold --prefix=/sw/eb/sw/GCCcore/10.2.0 --with-local-prefix=/sw/eb/sw/GCCcore/10.2.0 --enable-bootstrap --with-isl=/tmp/j-perdue/easybuild/GCCcore/10.2.0/system-system/gcc-10.2.0/stage2_stuff --build=x86_64-pc-linux-gnu --host=x86_64-pc-linux-gnu]
  ignore line: [Thread model: posix]
  ignore line: [Supported LTO compression algorithms: zlib]
  ignore line: [gcc version 10.2.0 (GCC) ]
  ignore line: [COMPILER_PATH=/sw/eb/sw/GCCcore/10.2.0/libexec/gcc/x86_64-pc-linux-gnu/10.2.0/:/sw/eb/sw/GCCcore/10.2.0/libexec/gcc/x86_64-pc-linux-gnu/10.2.0/:/sw/eb/sw/GCCcore/10.2.0/libexec/gcc/x86_64-pc-linux-gnu/:/sw/eb/sw/GCCcore/10.2.0/lib/gcc/x86_64-pc-linux-gnu/10.2.0/:/sw/eb/sw/GCCcore/10.2.0/lib/gcc/x86_64-pc-linux-gnu/]
  ignore line: [LIBRARY_PATH=/sw/eb/sw/zlib/1.2.11-intel-2020b/lib/../lib64/:/sw/eb/sw/UCX/1.9.0-GCCcore-10.2.0/lib/../lib64/:/sw/eb/sw/numactl/2.0.13-GCCcore-10.2.0/lib/../lib64/:/sw/eb/sw/binutils/2.35-GCCcore-10.2.0/lib/../lib64/:/sw/eb/sw/GCCcore/10.2.0/lib/gcc/x86_64-pc-linux-gnu/10.2.0/:/sw/eb/sw/GCCcore/10.2.0/lib/gcc/x86_64-pc-linux-gnu/10.2.0/../../../../lib64/:/lib/../lib64/:/usr/lib/../lib64/:/sw/eb/sw/zlib/1.2.11-intel-2020b/lib/:/sw/eb/sw/imkl/2020.4.304-iimpi-2020b/mkl/lib/intel64/:/sw/eb/sw/imkl/2020.4.304-iimpi-2020b/lib/intel64/:/sw/eb/sw/impi/2019.9.304-iccifort-2020.4.304/intel64/libfabric/lib/:/sw/eb/sw/impi/2019.9.304-iccifort-2020.4.304/intel64/lib/release/:/sw/eb/sw/impi/2019.9.304-iccifort-2020.4.304/intel64/lib/:/sw/eb/sw/UCX/1.9.0-GCCcore-10.2.0/lib/:/sw/eb/sw/numactl/2.0.13-GCCcore-10.2.0/lib/:/sw/eb/sw/iccifort/2020.4.304/compilers_and_libraries_2020.4.304/linux/tbb/lib/intel64/gcc4.8/:/sw/eb/sw/binutils/2.35-GCCcore-10.2.0/lib/:/sw/eb/sw/GCCcore/10.2.0/lib/gcc/x86_64-pc-linux-gnu/10.2.0/../../../:/lib/:/usr/lib/]
  ignore line: [COLLECT_GCC_OPTIONS='-v' '-rdynamic' '-o' 'cmTC_be253' '-mtune=generic' '-march=x86-64']
  link line: [ /sw/eb/sw/GCCcore/10.2.0/libexec/gcc/x86_64-pc-linux-gnu/10.2.0/collect2 -plugin /sw/eb/sw/GCCcore/10.2.0/libexec/gcc/x86_64-pc-linux-gnu/10.2.0/liblto_plugin.so -plugin-opt=/sw/eb/sw/GCCcore/10.2.0/libexec/gcc/x86_64-pc-linux-gnu/10.2.0/lto-wrapper -plugin-opt=-fresolution=/tmp/ccaiwK1M.res -plugin-opt=-pass-through=-lgcc -plugin-opt=-pass-through=-lgcc_s -plugin-opt=-pass-through=-lc -plugin-opt=-pass-through=-lgcc -plugin-opt=-pass-through=-lgcc_s --eh-frame-hdr -m elf_x86_64 -export-dynamic -dynamic-linker /lib64/ld-linux-x86-64.so.2 -o cmTC_be253 /lib/../lib64/crt1.o /lib/../lib64/crti.o /sw/eb/sw/GCCcore/10.2.0/lib/gcc/x86_64-pc-linux-gnu/10.2.0/crtbegin.o -L/sw/eb/sw/zlib/1.2.11-intel-2020b/lib/../lib64 -L/sw/eb/sw/UCX/1.9.0-GCCcore-10.2.0/lib/../lib64 -L/sw/eb/sw/numactl/2.0.13-GCCcore-10.2.0/lib/../lib64 -L/sw/eb/sw/binutils/2.35-GCCcore-10.2.0/lib/../lib64 -L/sw/eb/sw/GCCcore/10.2.0/lib/gcc/x86_64-pc-linux-gnu/10.2.0 -L/sw/eb/sw/GCCcore/10.2.0/lib/gcc/x86_64-pc-linux-gnu/10.2.0/../../../../lib64 -L/lib/../lib64 -L/usr/lib/../lib64 -L/sw/eb/sw/zlib/1.2.11-intel-2020b/lib -L/sw/eb/sw/imkl/2020.4.304-iimpi-2020b/mkl/lib/intel64 -L/sw/eb/sw/imkl/2020.4.304-iimpi-2020b/lib/intel64 -L/sw/eb/sw/impi/2019.9.304-iccifort-2020.4.304/intel64/libfabric/lib -L/sw/eb/sw/impi/2019.9.304-iccifort-2020.4.304/intel64/lib/release -L/sw/eb/sw/impi/2019.9.304-iccifort-2020.4.304/intel64/lib -L/sw/eb/sw/UCX/1.9.0-GCCcore-10.2.0/lib -L/sw/eb/sw/numactl/2.0.13-GCCcore-10.2.0/lib -L/sw/eb/sw/iccifort/2020.4.304/compilers_and_libraries_2020.4.304/linux/tbb/lib/intel64/gcc4.8 -L/sw/eb/sw/binutils/2.35-GCCcore-10.2.0/lib -L/sw/eb/sw/GCCcore/10.2.0/lib/gcc/x86_64-pc-linux-gnu/10.2.0/../../.. CMakeFiles/cmTC_be253.dir/CMakeCCompilerABI.c.o -lgcc --push-state --as-needed -lgcc_s --pop-state -lc -lgcc --push-state --as-needed -lgcc_s --pop-state /sw/eb/sw/GCCcore/10.2.0/lib/gcc/x86_64-pc-linux-gnu/10.2.0/crtend.o /lib/../lib64/crtn.o]
    arg [/sw/eb/sw/GCCcore/10.2.0/libexec/gcc/x86_64-pc-linux-gnu/10.2.0/collect2] ==> ignore
    arg [-plugin] ==> ignore
    arg [/sw/eb/sw/GCCcore/10.2.0/libexec/gcc/x86_64-pc-linux-gnu/10.2.0/liblto_plugin.so] ==> ignore
    arg [-plugin-opt=/sw/eb/sw/GCCcore/10.2.0/libexec/gcc/x86_64-pc-linux-gnu/10.2.0/lto-wrapper] ==> ignore
    arg [-plugin-opt=-fresolution=/tmp/ccaiwK1M.res] ==> ignore
    arg [-plugin-opt=-pass-through=-lgcc] ==> ignore
    arg [-plugin-opt=-pass-through=-lgcc_s] ==> ignore
    arg [-plugin-opt=-pass-through=-lc] ==> ignore
    arg [-plugin-opt=-pass-through=-lgcc] ==> ignore
    arg [-plugin-opt=-pass-through=-lgcc_s] ==> ignore
    arg [--eh-frame-hdr] ==> ignore
    arg [-m] ==> ignore
    arg [elf_x86_64] ==> ignore
    arg [-export-dynamic] ==> ignore
    arg [-dynamic-linker] ==> ignore
    arg [/lib64/ld-linux-x86-64.so.2] ==> ignore
    arg [-o] ==> ignore
    arg [cmTC_be253] ==> ignore
    arg [/lib/../lib64/crt1.o] ==> ignore
    arg [/lib/../lib64/crti.o] ==> ignore
    arg [/sw/eb/sw/GCCcore/10.2.0/lib/gcc/x86_64-pc-linux-gnu/10.2.0/crtbegin.o] ==> ignore
    arg [-L/sw/eb/sw/zlib/1.2.11-intel-2020b/lib/../lib64] ==> dir [/sw/eb/sw/zlib/1.2.11-intel-2020b/lib/../lib64]
    arg [-L/sw/eb/sw/UCX/1.9.0-GCCcore-10.2.0/lib/../lib64] ==> dir [/sw/eb/sw/UCX/1.9.0-GCCcore-10.2.0/lib/../lib64]
    arg [-L/sw/eb/sw/numactl/2.0.13-GCCcore-10.2.0/lib/../lib64] ==> dir [/sw/eb/sw/numactl/2.0.13-GCCcore-10.2.0/lib/../lib64]
    arg [-L/sw/eb/sw/binutils/2.35-GCCcore-10.2.0/lib/../lib64] ==> dir [/sw/eb/sw/binutils/2.35-GCCcore-10.2.0/lib/../lib64]
    arg [-L/sw/eb/sw/GCCcore/10.2.0/lib/gcc/x86_64-pc-linux-gnu/10.2.0] ==> dir [/sw/eb/sw/GCCcore/10.2.0/lib/gcc/x86_64-pc-linux-gnu/10.2.0]
    arg [-L/sw/eb/sw/GCCcore/10.2.0/lib/gcc/x86_64-pc-linux-gnu/10.2.0/../../../../lib64] ==> dir [/sw/eb/sw/GCCcore/10.2.0/lib/gcc/x86_64-pc-linux-gnu/10.2.0/../../../../lib64]
    arg [-L/lib/../lib64] ==> dir [/lib/../lib64]
    arg [-L/usr/lib/../lib64] ==> dir [/usr/lib/../lib64]
    arg [-L/sw/eb/sw/zlib/1.2.11-intel-2020b/lib] ==> dir [/sw/eb/sw/zlib/1.2.11-intel-2020b/lib]
    arg [-L/sw/eb/sw/imkl/2020.4.304-iimpi-2020b/mkl/lib/intel64] ==> dir [/sw/eb/sw/imkl/2020.4.304-iimpi-2020b/mkl/lib/intel64]
    arg [-L/sw/eb/sw/imkl/2020.4.304-iimpi-2020b/lib/intel64] ==> dir [/sw/eb/sw/imkl/2020.4.304-iimpi-2020b/lib/intel64]
    arg [-L/sw/eb/sw/impi/2019.9.304-iccifort-2020.4.304/intel64/libfabric/lib] ==> dir [/sw/eb/sw/impi/2019.9.304-iccifort-2020.4.304/intel64/libfabric/lib]
    arg [-L/sw/eb/sw/impi/2019.9.304-iccifort-2020.4.304/intel64/lib/release] ==> dir [/sw/eb/sw/impi/2019.9.304-iccifort-2020.4.304/intel64/lib/release]
    arg [-L/sw/eb/sw/impi/2019.9.304-iccifort-2020.4.304/intel64/lib] ==> dir [/sw/eb/sw/impi/2019.9.304-iccifort-2020.4.304/intel64/lib]
    arg [-L/sw/eb/sw/UCX/1.9.0-GCCcore-10.2.0/lib] ==> dir [/sw/eb/sw/UCX/1.9.0-GCCcore-10.2.0/lib]
    arg [-L/sw/eb/sw/numactl/2.0.13-GCCcore-10.2.0/lib] ==> dir [/sw/eb/sw/numactl/2.0.13-GCCcore-10.2.0/lib]
    arg [-L/sw/eb/sw/iccifort/2020.4.304/compilers_and_libraries_2020.4.304/linux/tbb/lib/intel64/gcc4.8] ==> dir [/sw/eb/sw/iccifort/2020.4.304/compilers_and_libraries_2020.4.304/linux/tbb/lib/intel64/gcc4.8]
    arg [-L/sw/eb/sw/binutils/2.35-GCCcore-10.2.0/lib] ==> dir [/sw/eb/sw/binutils/2.35-GCCcore-10.2.0/lib]
    arg [-L/sw/eb/sw/GCCcore/10.2.0/lib/gcc/x86_64-pc-linux-gnu/10.2.0/../../..] ==> dir [/sw/eb/sw/GCCcore/10.2.0/lib/gcc/x86_64-pc-linux-gnu/10.2.0/../../..]
    arg [CMakeFiles/cmTC_be253.dir/CMakeCCompilerABI.c.o] ==> ignore
    arg [-lgcc] ==> lib [gcc]
    arg [--push-state] ==> ignore
    arg [--as-needed] ==> ignore
    arg [-lgcc_s] ==> lib [gcc_s]
    arg [--pop-state] ==> ignore
    arg [-lc] ==> lib [c]
    arg [-lgcc] ==> lib [gcc]
    arg [--push-state] ==> ignore
    arg [--as-needed] ==> ignore
    arg [-lgcc_s] ==> lib [gcc_s]
    arg [--pop-state] ==> ignore
    arg [/sw/eb/sw/GCCcore/10.2.0/lib/gcc/x86_64-pc-linux-gnu/10.2.0/crtend.o] ==> ignore
    arg [/lib/../lib64/crtn.o] ==> ignore
  collapse library dir [/sw/eb/sw/zlib/1.2.11-intel-2020b/lib/../lib64] ==> [/sw/eb/sw/zlib/1.2.11-intel-2020b/lib64]
  collapse library dir [/sw/eb/sw/UCX/1.9.0-GCCcore-10.2.0/lib/../lib64] ==> [/sw/eb/sw/UCX/1.9.0-GCCcore-10.2.0/lib64]
  collapse library dir [/sw/eb/sw/numactl/2.0.13-GCCcore-10.2.0/lib/../lib64] ==> [/sw/eb/sw/numactl/2.0.13-GCCcore-10.2.0/lib64]
  collapse library dir [/sw/eb/sw/binutils/2.35-GCCcore-10.2.0/lib/../lib64] ==> [/sw/eb/sw/binutils/2.35-GCCcore-10.2.0/lib64]
  collapse library dir [/sw/eb/sw/GCCcore/10.2.0/lib/gcc/x86_64-pc-linux-gnu/10.2.0] ==> [/sw/eb/sw/GCCcore/10.2.0/lib/gcc/x86_64-pc-linux-gnu/10.2.0]
  collapse library dir [/sw/eb/sw/GCCcore/10.2.0/lib/gcc/x86_64-pc-linux-gnu/10.2.0/../../../../lib64] ==> [/sw/eb/sw/GCCcore/10.2.0/lib64]
  collapse library dir [/lib/../lib64] ==> [/lib64]
  collapse library dir [/usr/lib/../lib64] ==> [/usr/lib64]
  collapse library dir [/sw/eb/sw/zlib/1.2.11-intel-2020b/lib] ==> [/sw/eb/sw/zlib/1.2.11-intel-2020b/lib]
  collapse library dir [/sw/eb/sw/imkl/2020.4.304-iimpi-2020b/mkl/lib/intel64] ==> [/sw/eb/sw/imkl/2020.4.304-iimpi-2020b/mkl/lib/intel64]
  collapse library dir [/sw/eb/sw/imkl/2020.4.304-iimpi-2020b/lib/intel64] ==> [/sw/eb/sw/imkl/2020.4.304-iimpi-2020b/lib/intel64]
  collapse library dir [/sw/eb/sw/impi/2019.9.304-iccifort-2020.4.304/intel64/libfabric/lib] ==> [/sw/eb/sw/impi/2019.9.304-iccifort-2020.4.304/intel64/libfabric/lib]
  collapse library dir [/sw/eb/sw/impi/2019.9.304-iccifort-2020.4.304/intel64/lib/release] ==> [/sw/eb/sw/impi/2019.9.304-iccifort-2020.4.304/intel64/lib/release]
  collapse library dir [/sw/eb/sw/impi/2019.9.304-iccifort-2020.4.304/intel64/lib] ==> [/sw/eb/sw/impi/2019.9.304-iccifort-2020.4.304/intel64/lib]
  collapse library dir [/sw/eb/sw/UCX/1.9.0-GCCcore-10.2.0/lib] ==> [/sw/eb/sw/UCX/1.9.0-GCCcore-10.2.0/lib]
  collapse library dir [/sw/eb/sw/numactl/2.0.13-GCCcore-10.2.0/lib] ==> [/sw/eb/sw/numactl/2.0.13-GCCcore-10.2.0/lib]
  collapse library dir [/sw/eb/sw/iccifort/2020.4.304/compilers_and_libraries_2020.4.304/linux/tbb/lib/intel64/gcc4.8] ==> [/sw/eb/sw/iccifort/2020.4.304/compilers_and_libraries_2020.4.304/linux/tbb/lib/intel64/gcc4.8]
  collapse library dir [/sw/eb/sw/binutils/2.35-GCCcore-10.2.0/lib] ==> [/sw/eb/sw/binutils/2.35-GCCcore-10.2.0/lib]
  collapse library dir [/sw/eb/sw/GCCcore/10.2.0/lib/gcc/x86_64-pc-linux-gnu/10.2.0/../../..] ==> [/sw/eb/sw/GCCcore/10.2.0/lib]
  implicit libs: [gcc;gcc_s;c;gcc;gcc_s]
  implicit dirs: [/sw/eb/sw/zlib/1.2.11-intel-2020b/lib64;/sw/eb/sw/UCX/1.9.0-GCCcore-10.2.0/lib64;/sw/eb/sw/numactl/2.0.13-GCCcore-10.2.0/lib64;/sw/eb/sw/binutils/2.35-GCCcore-10.2.0/lib64;/sw/eb/sw/GCCcore/10.2.0/lib/gcc/x86_64-pc-linux-gnu/10.2.0;/sw/eb/sw/GCCcore/10.2.0/lib64;/lib64;/usr/lib64;/sw/eb/sw/zlib/1.2.11-intel-2020b/lib;/sw/eb/sw/imkl/2020.4.304-iimpi-2020b/mkl/lib/intel64;/sw/eb/sw/imkl/2020.4.304-iimpi-2020b/lib/intel64;/sw/eb/sw/impi/2019.9.304-iccifort-2020.4.304/intel64/libfabric/lib;/sw/eb/sw/impi/2019.9.304-iccifort-2020.4.304/intel64/lib/release;/sw/eb/sw/impi/2019.9.304-iccifort-2020.4.304/intel64/lib;/sw/eb/sw/UCX/1.9.0-GCCcore-10.2.0/lib;/sw/eb/sw/numactl/2.0.13-GCCcore-10.2.0/lib;/sw/eb/sw/iccifort/2020.4.304/compilers_and_libraries_2020.4.304/linux/tbb/lib/intel64/gcc4.8;/sw/eb/sw/binutils/2.35-GCCcore-10.2.0/lib;/sw/eb/sw/GCCcore/10.2.0/lib]
  implicit fwks: []




Detecting C [-std=c11] compiler features compiled with the following output:
Change Dir: /scratch/user/roeebelkin/14-peas-in-a-pod/bubble sort/CMakeFiles/CMakeTmp

Run Build Command:"/usr/bin/gmake" "cmTC_ba118/fast"
/usr/bin/gmake -f CMakeFiles/cmTC_ba118.dir/build.make CMakeFiles/cmTC_ba118.dir/build
gmake[1]: Entering directory `/scratch/user/roeebelkin/14-peas-in-a-pod/bubble sort/CMakeFiles/CMakeTmp'
Building C object CMakeFiles/cmTC_ba118.dir/feature_tests.c.o
/sw/eb/sw/GCCcore/10.2.0/bin/cc   -std=c11 -o CMakeFiles/cmTC_ba118.dir/feature_tests.c.o   -c "/scratch/user/roeebelkin/14-peas-in-a-pod/bubble sort/CMakeFiles/feature_tests.c"
Linking C executable cmTC_ba118
/sw/eb/sw/CMake/3.12.1/bin/cmake -E cmake_link_script CMakeFiles/cmTC_ba118.dir/link.txt --verbose=1
/sw/eb/sw/GCCcore/10.2.0/bin/cc      -rdynamic CMakeFiles/cmTC_ba118.dir/feature_tests.c.o  -o cmTC_ba118 
gmake[1]: Leaving directory `/scratch/user/roeebelkin/14-peas-in-a-pod/bubble sort/CMakeFiles/CMakeTmp'


    Feature record: C_FEATURE:1c_function_prototypes
    Feature record: C_FEATURE:1c_restrict
    Feature record: C_FEATURE:1c_static_assert
    Feature record: C_FEATURE:1c_variadic_macros


Detecting C [-std=c99] compiler features compiled with the following output:
Change Dir: /scratch/user/roeebelkin/14-peas-in-a-pod/bubble sort/CMakeFiles/CMakeTmp

Run Build Command:"/usr/bin/gmake" "cmTC_13220/fast"
/usr/bin/gmake -f CMakeFiles/cmTC_13220.dir/build.make CMakeFiles/cmTC_13220.dir/build
gmake[1]: Entering directory `/scratch/user/roeebelkin/14-peas-in-a-pod/bubble sort/CMakeFiles/CMakeTmp'
Building C object CMakeFiles/cmTC_13220.dir/feature_tests.c.o
/sw/eb/sw/GCCcore/10.2.0/bin/cc   -std=c99 -o CMakeFiles/cmTC_13220.dir/feature_tests.c.o   -c "/scratch/user/roeebelkin/14-peas-in-a-pod/bubble sort/CMakeFiles/feature_tests.c"
Linking C executable cmTC_13220
/sw/eb/sw/CMake/3.12.1/bin/cmake -E cmake_link_script CMakeFiles/cmTC_13220.dir/link.txt --verbose=1
/sw/eb/sw/GCCcore/10.2.0/bin/cc      -rdynamic CMakeFiles/cmTC_13220.dir/feature_tests.c.o  -o cmTC_13220 
gmake[1]: Leaving directory `/scratch/user/roeebelkin/14-peas-in-a-pod/bubble sort/CMakeFiles/CMakeTmp'


    Feature record: C_FEATURE:1c_function_prototypes
    Feature record: C_FEATURE:1c_restrict
    Feature record: C_FEATURE:0c_static_assert
    Feature record: C_FEATURE:1c_variadic_macros


Detecting C [-std=c90] compiler features compiled with the following output:
Change Dir: /scratch/user/roeebelkin/14-peas-in-a-pod/bubble sort/CMakeFiles/CMakeTmp

Run Build Command:"/usr/bin/gmake" "cmTC_61485/fast"
/usr/bin/gmake -f CMakeFiles/cmTC_61485.dir/build.make CMakeFiles/cmTC_61485.dir/build
gmake[1]: Entering directory `/scratch/user/roeebelkin/14-peas-in-a-pod/bubble sort/CMakeFiles/CMakeTmp'
Building C object CMakeFiles/cmTC_61485.dir/feature_tests.c.o
/sw/eb/sw/GCCcore/10.2.0/bin/cc   -std=c90 -o CMakeFiles/cmTC_61485.dir/feature_tests.c.o   -c "/scratch/user/roeebelkin/14-peas-in-a-pod/bubble sort/CMakeFiles/feature_tests.c"
Linking C executable cmTC_61485
/sw/eb/sw/CMake/3.12.1/bin/cmake -E cmake_link_script CMakeFiles/cmTC_61485.dir/link.txt --verbose=1
/sw/eb/sw/GCCcore/10.2.0/bin/cc      -rdynamic CMakeFiles/cmTC_61485.dir/feature_tests.c.o  -o cmTC_61485 
gmake[1]: Leaving directory `/scratch/user/roeebelkin/14-peas-in-a-pod/bubble sort/CMakeFiles/CMakeTmp'


    Feature record: C_FEATURE:1c_function_prototypes
    Feature record: C_FEATURE:0c_restrict
    Feature record: C_FEATURE:0c_static_assert
    Feature record: C_FEATURE:0c_variadic_macros
Determining if the CXX compiler works passed with the following output:
Change Dir: /scratch/user/roeebelkin/14-peas-in-a-pod/bubble sort/CMakeFiles/CMakeTmp

Run Build Command:"/usr/bin/gmake" "cmTC_9475b/fast"
/usr/bin/gmake -f CMakeFiles/cmTC_9475b.dir/build.make CMakeFiles/cmTC_9475b.dir/build
gmake[1]: Entering directory `/scratch/user/roeebelkin/14-peas-in-a-pod/bubble sort/CMakeFiles/CMakeTmp'
Building CXX object CMakeFiles/cmTC_9475b.dir/testCXXCompiler.cxx.o
/sw/eb/sw/GCCcore/10.2.0/bin/c++     -o CMakeFiles/cmTC_9475b.dir/testCXXCompiler.cxx.o -c "/scratch/user/roeebelkin/14-peas-in-a-pod/bubble sort/CMakeFiles/CMakeTmp/testCXXCompiler.cxx"
Linking CXX executable cmTC_9475b
/sw/eb/sw/CMake/3.12.1/bin/cmake -E cmake_link_script CMakeFiles/cmTC_9475b.dir/link.txt --verbose=1
/sw/eb/sw/GCCcore/10.2.0/bin/c++       -rdynamic CMakeFiles/cmTC_9475b.dir/testCXXCompiler.cxx.o  -o cmTC_9475b 
gmake[1]: Leaving directory `/scratch/user/roeebelkin/14-peas-in-a-pod/bubble sort/CMakeFiles/CMakeTmp'


Detecting CXX compiler ABI info compiled with the following output:
Change Dir: /scratch/user/roeebelkin/14-peas-in-a-pod/bubble sort/CMakeFiles/CMakeTmp

Run Build Command:"/usr/bin/gmake" "cmTC_9165e/fast"
/usr/bin/gmake -f CMakeFiles/cmTC_9165e.dir/build.make CMakeFiles/cmTC_9165e.dir/build
gmake[1]: Entering directory `/scratch/user/roeebelkin/14-peas-in-a-pod/bubble sort/CMakeFiles/CMakeTmp'
Building CXX object CMakeFiles/cmTC_9165e.dir/CMakeCXXCompilerABI.cpp.o
/sw/eb/sw/GCCcore/10.2.0/bin/c++     -o CMakeFiles/cmTC_9165e.dir/CMakeCXXCompilerABI.cpp.o -c /sw/eb/sw/CMake/3.12.1/share/cmake-3.12/Modules/CMakeCXXCompilerABI.cpp
Linking CXX executable cmTC_9165e
/sw/eb/sw/CMake/3.12.1/bin/cmake -E cmake_link_script CMakeFiles/cmTC_9165e.dir/link.txt --verbose=1
/sw/eb/sw/GCCcore/10.2.0/bin/c++      -v -rdynamic CMakeFiles/cmTC_9165e.dir/CMakeCXXCompilerABI.cpp.o  -o cmTC_9165e 
Using built-in specs.
COLLECT_GCC=/sw/eb/sw/GCCcore/10.2.0/bin/c++
COLLECT_LTO_WRAPPER=/sw/eb/sw/GCCcore/10.2.0/libexec/gcc/x86_64-pc-linux-gnu/10.2.0/lto-wrapper
OFFLOAD_TARGET_NAMES=nvptx-none
Target: x86_64-pc-linux-gnu
Configured with: ../configure --enable-languages=c,c++,fortran --without-cuda-driver --enable-offload-targets=nvptx-none --enable-lto --enable-checking=release --disable-multilib --enable-shared=yes --enable-static=yes --enable-threads=posix --enable-plugins --enable-gold=default --enable-ld --with-plugin-ld=ld.gold --prefix=/sw/eb/sw/GCCcore/10.2.0 --with-local-prefix=/sw/eb/sw/GCCcore/10.2.0 --enable-bootstrap --with-isl=/tmp/j-perdue/easybuild/GCCcore/10.2.0/system-system/gcc-10.2.0/stage2_stuff --build=x86_64-pc-linux-gnu --host=x86_64-pc-linux-gnu
Thread model: posix
Supported LTO compression algorithms: zlib
gcc version 10.2.0 (GCC) 
COMPILER_PATH=/sw/eb/sw/GCCcore/10.2.0/libexec/gcc/x86_64-pc-linux-gnu/10.2.0/:/sw/eb/sw/GCCcore/10.2.0/libexec/gcc/x86_64-pc-linux-gnu/10.2.0/:/sw/eb/sw/GCCcore/10.2.0/libexec/gcc/x86_64-pc-linux-gnu/:/sw/eb/sw/GCCcore/10.2.0/lib/gcc/x86_64-pc-linux-gnu/10.2.0/:/sw/eb/sw/GCCcore/10.2.0/lib/gcc/x86_64-pc-linux-gnu/
LIBRARY_PATH=/sw/eb/sw/zlib/1.2.11-intel-2020b/lib/../lib64/:/sw/eb/sw/UCX/1.9.0-GCCcore-10.2.0/lib/../lib64/:/sw/eb/sw/numactl/2.0.13-GCCcore-10.2.0/lib/../lib64/:/sw/eb/sw/binutils/2.35-GCCcore-10.2.0/lib/../lib64/:/sw/eb/sw/GCCcore/10.2.0/lib/gcc/x86_64-pc-linux-gnu/10.2.0/:/sw/eb/sw/GCCcore/10.2.0/lib/gcc/x86_64-pc-linux-gnu/10.2.0/../../../../lib64/:/lib/../lib64/:/usr/lib/../lib64/:/sw/eb/sw/zlib/1.2.11-intel-2020b/lib/:/sw/eb/sw/imkl/2020.4.304-iimpi-2020b/mkl/lib/intel64/:/sw/eb/sw/imkl/2020.4.304-iimpi-2020b/lib/intel64/:/sw/eb/sw/impi/2019.9.304-iccifort-2020.4.304/intel64/libfabric/lib/:/sw/eb/sw/impi/2019.9.304-iccifort-2020.4.304/intel64/lib/release/:/sw/eb/sw/impi/2019.9.304-iccifort-2020.4.304/intel64/lib/:/sw/eb/sw/UCX/1.9.0-GCCcore-10.2.0/lib/:/sw/eb/sw/numactl/2.0.13-GCCcore-10.2.0/lib/:/sw/eb/sw/iccifort/2020.4.304/compilers_and_libraries_2020.4.304/linux/tbb/lib/intel64/gcc4.8/:/sw/eb/sw/binutils/2.35-GCCcore-10.2.0/lib/:/sw/eb/sw/GCCcore/10.2.0/lib/gcc/x86_64-pc-linux-gnu/10.2.0/../../../:/lib/:/usr/lib/
COLLECT_GCC_OPTIONS='-v' '-rdynamic' '-o' 'cmTC_9165e' '-shared-libgcc' '-mtune=generic' '-march=x86-64'
 /sw/eb/sw/GCCcore/10.2.0/libexec/gcc/x86_64-pc-linux-gnu/10.2.0/collect2 -plugin /sw/eb/sw/GCCcore/10.2.0/libexec/gcc/x86_64-pc-linux-gnu/10.2.0/liblto_plugin.so -plugin-opt=/sw/eb/sw/GCCcore/10.2.0/libexec/gcc/x86_64-pc-linux-gnu/10.2.0/lto-wrapper -plugin-opt=-fresolution=/tmp/ccb4WdHX.res -plugin-opt=-pass-through=-lgcc_s -plugin-opt=-pass-through=-lgcc -plugin-opt=-pass-through=-lc -plugin-opt=-pass-through=-lgcc_s -plugin-opt=-pass-through=-lgcc --eh-frame-hdr -m elf_x86_64 -export-dynamic -dynamic-linker /lib64/ld-linux-x86-64.so.2 -o cmTC_9165e /lib/../lib64/crt1.o /lib/../lib64/crti.o /sw/eb/sw/GCCcore/10.2.0/lib/gcc/x86_64-pc-linux-gnu/10.2.0/crtbegin.o -L/sw/eb/sw/zlib/1.2.11-intel-2020b/lib/../lib64 -L/sw/eb/sw/UCX/1.9.0-GCCcore-10.2.0/lib/../lib64 -L/sw/eb/sw/numactl/2.0.13-GCCcore-10.2.0/lib/../lib64 -L/sw/eb/sw/binutils/2.35-GCCcore-10.2.0/lib/../lib64 -L/sw/eb/sw/GCCcore/10.2.0/lib/gcc/x86_64-pc-linux-gnu/10.2.0 -L/sw/eb/sw/GCCcore/10.2.0/lib/gcc/x86_64-pc-linux-gnu/10.2.0/../../../../lib64 -L/lib/../lib64 -L/usr/lib/../lib64 -L/sw/eb/sw/zlib/1.2.11-intel-2020b/lib -L/sw/eb/sw/imkl/2020.4.304-iimpi-2020b/mkl/lib/intel64 -L/sw/eb/sw/imkl/2020.4.304-iimpi-2020b/lib/intel64 -L/sw/eb/sw/impi/2019.9.304-iccifort-2020.4.304/intel64/libfabric/lib -L/sw/eb/sw/impi/2019.9.304-iccifort-2020.4.304/intel64/lib/release -L/sw/eb/sw/impi/2019.9.304-iccifort-2020.4.304/intel64/lib -L/sw/eb/sw/UCX/1.9.0-GCCcore-10.2.0/lib -L/sw/eb/sw/numactl/2.0.13-GCCcore-10.2.0/lib -L/sw/eb/sw/iccifort/2020.4.304/compilers_and_libraries_2020.4.304/linux/tbb/lib/intel64/gcc4.8 -L/sw/eb/sw/binutils/2.35-GCCcore-10.2.0/lib -L/sw/eb/sw/GCCcore/10.2.0/lib/gcc/x86_64-pc-linux-gnu/10.2.0/../../.. CMakeFiles/cmTC_9165e.dir/CMakeCXXCompilerABI.cpp.o -lstdc++ -lm -lgcc_s -lgcc -lc -lgcc_s -lgcc /sw/eb/sw/GCCcore/10.2.0/lib/gcc/x86_64-pc-linux-gnu/10.2.0/crtend.o /lib/../lib64/crtn.o
COLLECT_GCC_OPTIONS='-v' '-rdynamic' '-o' 'cmTC_9165e' '-shared-libgcc' '-mtune=generic' '-march=x86-64'
gmake[1]: Leaving directory `/scratch/user/roeebelkin/14-peas-in-a-pod/bubble sort/CMakeFiles/CMakeTmp'


Parsed CXX implicit link information from above output:
  link line regex: [^( *|.*[/\])(ld|CMAKE_LINK_STARTFILE-NOTFOUND|([^/\]+-)?ld|collect2)[^/\]*( |$)]
  ignore line: [Change Dir: /scratch/user/roeebelkin/14-peas-in-a-pod/bubble sort/CMakeFiles/CMakeTmp]
  ignore line: []
  ignore line: [Run Build Command:"/usr/bin/gmake" "cmTC_9165e/fast"]
  ignore line: [/usr/bin/gmake -f CMakeFiles/cmTC_9165e.dir/build.make CMakeFiles/cmTC_9165e.dir/build]
  ignore line: [gmake[1]: Entering directory `/scratch/user/roeebelkin/14-peas-in-a-pod/bubble sort/CMakeFiles/CMakeTmp']
  ignore line: [Building CXX object CMakeFiles/cmTC_9165e.dir/CMakeCXXCompilerABI.cpp.o]
  ignore line: [/sw/eb/sw/GCCcore/10.2.0/bin/c++     -o CMakeFiles/cmTC_9165e.dir/CMakeCXXCompilerABI.cpp.o -c /sw/eb/sw/CMake/3.12.1/share/cmake-3.12/Modules/CMakeCXXCompilerABI.cpp]
  ignore line: [Linking CXX executable cmTC_9165e]
  ignore line: [/sw/eb/sw/CMake/3.12.1/bin/cmake -E cmake_link_script CMakeFiles/cmTC_9165e.dir/link.txt --verbose=1]
  ignore line: [/sw/eb/sw/GCCcore/10.2.0/bin/c++      -v -rdynamic CMakeFiles/cmTC_9165e.dir/CMakeCXXCompilerABI.cpp.o  -o cmTC_9165e ]
  ignore line: [Using built-in specs.]
  ignore line: [COLLECT_GCC=/sw/eb/sw/GCCcore/10.2.0/bin/c++]
  ignore line: [COLLECT_LTO_WRAPPER=/sw/eb/sw/GCCcore/10.2.0/libexec/gcc/x86_64-pc-linux-gnu/10.2.0/lto-wrapper]
  ignore line: [OFFLOAD_TARGET_NAMES=nvptx-none]
  ignore line: [Target: x86_64-pc-linux-gnu]
  ignore line: [Configured with: ../configure --enable-languages=c,c++,fortran --without-cuda-driver --enable-offload-targets=nvptx-none --enable-lto --enable-checking=release --disable-multilib --enable-shared=yes --enable-static=yes --enable-threads=posix --enable-plugins --enable-gold=default --enable-ld --with-plugin-ld=ld.gold --prefix=/sw/eb/sw/GCCcore/10.2.0 --with-local-prefix=/sw/eb/sw/GCCcore/10.2.0 --enable-bootstrap --with-isl=/tmp/j-perdue/easybuild/GCCcore/10.2.0/system-system/gcc-10.2.0/stage2_stuff --build=x86_64-pc-linux-gnu --host=x86_64-pc-linux-gnu]
  ignore line: [Thread model: posix]
  ignore line: [Supported LTO compression algorithms: zlib]
  ignore line: [gcc version 10.2.0 (GCC) ]
  ignore line: [COMPILER_PATH=/sw/eb/sw/GCCcore/10.2.0/libexec/gcc/x86_64-pc-linux-gnu/10.2.0/:/sw/eb/sw/GCCcore/10.2.0/libexec/gcc/x86_64-pc-linux-gnu/10.2.0/:/sw/eb/sw/GCCcore/10.2.0/libexec/gcc/x86_64-pc-linux-gnu/:/sw/eb/sw/GCCcore/10.2.0/lib/gcc/x86_64-pc-linux-gnu/10.2.0/:/sw/eb/sw/GCCcore/10.2.0/lib/gcc/x86_64-pc-linux-gnu/]
  ignore line: [LIBRARY_PATH=/sw/eb/sw/zlib/1.2.11-intel-2020b/lib/../lib64/:/sw/eb/sw/UCX/1.9.0-GCCcore-10.2.0/lib/../lib64/:/sw/eb/sw/numactl/2.0.13-GCCcore-10.2.0/lib/../lib64/:/sw/eb/sw/binutils/2.35-GCCcore-10.2.0/lib/../lib64/:/sw/eb/sw/GCCcore/10.2.0/lib/gcc/x86_64-pc-linux-gnu/10.2.0/:/sw/eb/sw/GCCcore/10.2.0/lib/gcc/x86_64-pc-linux-gnu/10.2.0/../../../../lib64/:/lib/../lib64/:/usr/lib/../lib64/:/sw/eb/sw/zlib/1.2.11-intel-2020b/lib/:/sw/eb/sw/imkl/2020.4.304-iimpi-2020b/mkl/lib/intel64/:/sw/eb/sw/imkl/2020.4.304-iimpi-2020b/lib/intel64/:/sw/eb/sw/impi/2019.9.304-iccifort-2020.4.304/intel64/libfabric/lib/:/sw/eb/sw/impi/2019.9.304-iccifort-2020.4.304/intel64/lib/release/:/sw/eb/sw/impi/2019.9.304-iccifort-2020.4.304/intel64/lib/:/sw/eb/sw/UCX/1.9.0-GCCcore-10.2.0/lib/:/sw/eb/sw/numactl/2.0.13-GCCcore-10.2.0/lib/:/sw/eb/sw/iccifort/2020.4.304/compilers_and_libraries_2020.4.304/linux/tbb/lib/intel64/gcc4.8/:/sw/eb/sw/binutils/2.35-GCCcore-10.2.0/lib/:/sw/eb/sw/GCCcore/10.2.0/lib/gcc/x86_64-pc-linux-gnu/10.2.0/../../../:/lib/:/usr/lib/]
  ignore line: [COLLECT_GCC_OPTIONS='-v' '-rdynamic' '-o' 'cmTC_9165e' '-shared-libgcc' '-mtune=generic' '-march=x86-64']
  link line: [ /sw/eb/sw/GCCcore/10.2.0/libexec/gcc/x86_64-pc-linux-gnu/10.2.0/collect2 -plugin /sw/eb/sw/GCCcore/10.2.0/libexec/gcc/x86_64-pc-linux-gnu/10.2.0/liblto_plugin.so -plugin-opt=/sw/eb/sw/GCCcore/10.2.0/libexec/gcc/x86_64-pc-linux-gnu/10.2.0/lto-wrapper -plugin-opt=-fresolution=/tmp/ccb4WdHX.res -plugin-opt=-pass-through=-lgcc_s -plugin-opt=-pass-through=-lgcc -plugin-opt=-pass-through=-lc -plugin-opt=-pass-through=-lgcc_s -plugin-opt=-pass-through=-lgcc --eh-frame-hdr -m elf_x86_64 -export-dynamic -dynamic-linker /lib64/ld-linux-x86-64.so.2 -o cmTC_9165e /lib/../lib64/crt1.o /lib/../lib64/crti.o /sw/eb/sw/GCCcore/10.2.0/lib/gcc/x86_64-pc-linux-gnu/10.2.0/crtbegin.o -L/sw/eb/sw/zlib/1.2.11-intel-2020b/lib/../lib64 -L/sw/eb/sw/UCX/1.9.0-GCCcore-10.2.0/lib/../lib64 -L/sw/eb/sw/numactl/2.0.13-GCCcore-10.2.0/lib/../lib64 -L/sw/eb/sw/binutils/2.35-GCCcore-10.2.0/lib/../lib64 -L/sw/eb/sw/GCCcore/10.2.0/lib/gcc/x86_64-pc-linux-gnu/10.2.0 -L/sw/eb/sw/GCCcore/10.2.0/lib/gcc/x86_64-pc-linux-gnu/10.2.0/../../../../lib64 -L/lib/../lib64 -L/usr/lib/../lib64 -L/sw/eb/sw/zlib/1.2.11-intel-2020b/lib -L/sw/eb/sw/imkl/2020.4.304-iimpi-2020b/mkl/lib/intel64 -L/sw/eb/sw/imkl/2020.4.304-iimpi-2020b/lib/intel64 -L/sw/eb/sw/impi/2019.9.304-iccifort-2020.4.304/intel64/libfabric/lib -L/sw/eb/sw/impi/2019.9.304-iccifort-2020.4.304/intel64/lib/release -L/sw/eb/sw/impi/2019.9.304-iccifort-2020.4.304/intel64/lib -L/sw/eb/sw/UCX/1.9.0-GCCcore-10.2.0/lib -L/sw/eb/sw/numactl/2.0.13-GCCcore-10.2.0/lib -L/sw/eb/sw/iccifort/2020.4.304/compilers_and_libraries_2020.4.304/linux/tbb/lib/intel64/gcc4.8 -L/sw/eb/sw/binutils/2.35-GCCcore-10.2.0/lib -L/sw/eb/sw/GCCcore/10.2.0/lib/gcc/x86_64-pc-linux-gnu/10.2.0/../../.. CMakeFiles/cmTC_9165e.dir/CMakeCXXCompilerABI.cpp.o -lstdc++ -lm -lgcc_s -lgcc -lc -lgcc_s -lgcc /sw/eb/sw/GCCcore/10.2.0/lib/gcc/x86_64-pc-linux-gnu/10.2.0/crtend.o /lib/../lib64/crtn.o]
    arg [/sw/eb/sw/GCCcore/10.2.0/libexec/gcc/x86_64-pc-linux-gnu/10.2.0/collect2] ==> ignore
    arg [-plugin] ==> ignore
    arg [/sw/eb/sw/GCCcore/10.2.0/libexec/gcc/x86_64-pc-linux-gnu/10.2.0/liblto_plugin.so] ==> ignore
    arg [-plugin-opt=/sw/eb/sw/GCCcore/10.2.0/libexec/gcc/x86_64-pc-linux-gnu/10.2.0/lto-wrapper] ==> ignore
    arg [-plugin-opt=-fresolution=/tmp/ccb4WdHX.res] ==> ignore
    arg [-plugin-opt=-pass-through=-lgcc_s] ==> ignore
    arg [-plugin-opt=-pass-through=-lgcc] ==> ignore
    arg [-plugin-opt=-pass-through=-lc] ==> ignore
    arg [-plugin-opt=-pass-through=-lgcc_s] ==> ignore
    arg [-plugin-opt=-pass-through=-lgcc] ==> ignore
    arg [--eh-frame-hdr] ==> ignore
    arg [-m] ==> ignore
    arg [elf_x86_64] ==> ignore
    arg [-export-dynamic] ==> ignore
    arg [-dynamic-linker] ==> ignore
    arg [/lib64/ld-linux-x86-64.so.2] ==> ignore
    arg [-o] ==> ignore
    arg [cmTC_9165e] ==> ignore
    arg [/lib/../lib64/crt1.o] ==> ignore
    arg [/lib/../lib64/crti.o] ==> ignore
    arg [/sw/eb/sw/GCCcore/10.2.0/lib/gcc/x86_64-pc-linux-gnu/10.2.0/crtbegin.o] ==> ignore
    arg [-L/sw/eb/sw/zlib/1.2.11-intel-2020b/lib/../lib64] ==> dir [/sw/eb/sw/zlib/1.2.11-intel-2020b/lib/../lib64]
    arg [-L/sw/eb/sw/UCX/1.9.0-GCCcore-10.2.0/lib/../lib64] ==> dir [/sw/eb/sw/UCX/1.9.0-GCCcore-10.2.0/lib/../lib64]
    arg [-L/sw/eb/sw/numactl/2.0.13-GCCcore-10.2.0/lib/../lib64] ==> dir [/sw/eb/sw/numactl/2.0.13-GCCcore-10.2.0/lib/../lib64]
    arg [-L/sw/eb/sw/binutils/2.35-GCCcore-10.2.0/lib/../lib64] ==> dir [/sw/eb/sw/binutils/2.35-GCCcore-10.2.0/lib/../lib64]
    arg [-L/sw/eb/sw/GCCcore/10.2.0/lib/gcc/x86_64-pc-linux-gnu/10.2.0] ==> dir [/sw/eb/sw/GCCcore/10.2.0/lib/gcc/x86_64-pc-linux-gnu/10.2.0]
    arg [-L/sw/eb/sw/GCCcore/10.2.0/lib/gcc/x86_64-pc-linux-gnu/10.2.0/../../../../lib64] ==> dir [/sw/eb/sw/GCCcore/10.2.0/lib/gcc/x86_64-pc-linux-gnu/10.2.0/../../../../lib64]
    arg [-L/lib/../lib64] ==> dir [/lib/../lib64]
    arg [-L/usr/lib/../lib64] ==> dir [/usr/lib/../lib64]
    arg [-L/sw/eb/sw/zlib/1.2.11-intel-2020b/lib] ==> dir [/sw/eb/sw/zlib/1.2.11-intel-2020b/lib]
    arg [-L/sw/eb/sw/imkl/2020.4.304-iimpi-2020b/mkl/lib/intel64] ==> dir [/sw/eb/sw/imkl/2020.4.304-iimpi-2020b/mkl/lib/intel64]
    arg [-L/sw/eb/sw/imkl/2020.4.304-iimpi-2020b/lib/intel64] ==> dir [/sw/eb/sw/imkl/2020.4.304-iimpi-2020b/lib/intel64]
    arg [-L/sw/eb/sw/impi/2019.9.304-iccifort-2020.4.304/intel64/libfabric/lib] ==> dir [/sw/eb/sw/impi/2019.9.304-iccifort-2020.4.304/intel64/libfabric/lib]
    arg [-L/sw/eb/sw/impi/2019.9.304-iccifort-2020.4.304/intel64/lib/release] ==> dir [/sw/eb/sw/impi/2019.9.304-iccifort-2020.4.304/intel64/lib/release]
    arg [-L/sw/eb/sw/impi/2019.9.304-iccifort-2020.4.304/intel64/lib] ==> dir [/sw/eb/sw/impi/2019.9.304-iccifort-2020.4.304/intel64/lib]
    arg [-L/sw/eb/sw/UCX/1.9.0-GCCcore-10.2.0/lib] ==> dir [/sw/eb/sw/UCX/1.9.0-GCCcore-10.2.0/lib]
    arg [-L/sw/eb/sw/numactl/2.0.13-GCCcore-10.2.0/lib] ==> dir [/sw/eb/sw/numactl/2.0.13-GCCcore-10.2.0/lib]
    arg [-L/sw/eb/sw/iccifort/2020.4.304/compilers_and_libraries_2020.4.304/linux/tbb/lib/intel64/gcc4.8] ==> dir [/sw/eb/sw/iccifort/2020.4.304/compilers_and_libraries_2020.4.304/linux/tbb/lib/intel64/gcc4.8]
    arg [-L/sw/eb/sw/binutils/2.35-GCCcore-10.2.0/lib] ==> dir [/sw/eb/sw/binutils/2.35-GCCcore-10.2.0/lib]
    arg [-L/sw/eb/sw/GCCcore/10.2.0/lib/gcc/x86_64-pc-linux-gnu/10.2.0/../../..] ==> dir [/sw/eb/sw/GCCcore/10.2.0/lib/gcc/x86_64-pc-linux-gnu/10.2.0/../../..]
    arg [CMakeFiles/cmTC_9165e.dir/CMakeCXXCompilerABI.cpp.o] ==> ignore
    arg [-lstdc++] ==> lib [stdc++]
    arg [-lm] ==> lib [m]
    arg [-lgcc_s] ==> lib [gcc_s]
    arg [-lgcc] ==> lib [gcc]
    arg [-lc] ==> lib [c]
    arg [-lgcc_s] ==> lib [gcc_s]
    arg [-lgcc] ==> lib [gcc]
    arg [/sw/eb/sw/GCCcore/10.2.0/lib/gcc/x86_64-pc-linux-gnu/10.2.0/crtend.o] ==> ignore
    arg [/lib/../lib64/crtn.o] ==> ignore
  collapse library dir [/sw/eb/sw/zlib/1.2.11-intel-2020b/lib/../lib64] ==> [/sw/eb/sw/zlib/1.2.11-intel-2020b/lib64]
  collapse library dir [/sw/eb/sw/UCX/1.9.0-GCCcore-10.2.0/lib/../lib64] ==> [/sw/eb/sw/UCX/1.9.0-GCCcore-10.2.0/lib64]
  collapse library dir [/sw/eb/sw/numactl/2.0.13-GCCcore-10.2.0/lib/../lib64] ==> [/sw/eb/sw/numactl/2.0.13-GCCcore-10.2.0/lib64]
  collapse library dir [/sw/eb/sw/binutils/2.35-GCCcore-10.2.0/lib/../lib64] ==> [/sw/eb/sw/binutils/2.35-GCCcore-10.2.0/lib64]
  collapse library dir [/sw/eb/sw/GCCcore/10.2.0/lib/gcc/x86_64-pc-linux-gnu/10.2.0] ==> [/sw/eb/sw/GCCcore/10.2.0/lib/gcc/x86_64-pc-linux-gnu/10.2.0]
  collapse library dir [/sw/eb/sw/GCCcore/10.2.0/lib/gcc/x86_64-pc-linux-gnu/10.2.0/../../../../lib64] ==> [/sw/eb/sw/GCCcore/10.2.0/lib64]
  collapse library dir [/lib/../lib64] ==> [/lib64]
  collapse library dir [/usr/lib/../lib64] ==> [/usr/lib64]
  collapse library dir [/sw/eb/sw/zlib/1.2.11-intel-2020b/lib] ==> [/sw/eb/sw/zlib/1.2.11-intel-2020b/lib]
  collapse library dir [/sw/eb/sw/imkl/2020.4.304-iimpi-2020b/mkl/lib/intel64] ==> [/sw/eb/sw/imkl/2020.4.304-iimpi-2020b/mkl/lib/intel64]
  collapse library dir [/sw/eb/sw/imkl/2020.4.304-iimpi-2020b/lib/intel64] ==> [/sw/eb/sw/imkl/2020.4.304-iimpi-2020b/lib/intel64]
  collapse library dir [/sw/eb/sw/impi/2019.9.304-iccifort-2020.4.304/intel64/libfabric/lib] ==> [/sw/eb/sw/impi/2019.9.304-iccifort-2020.4.304/intel64/libfabric/lib]
  collapse library dir [/sw/eb/sw/impi/2019.9.304-iccifort-2020.4.304/intel64/lib/release] ==> [/sw/eb/sw/impi/2019.9.304-iccifort-2020.4.304/intel64/lib/release]
  collapse library dir [/sw/eb/sw/impi/2019.9.304-iccifort-2020.4.304/intel64/lib] ==> [/sw/eb/sw/impi/2019.9.304-iccifort-2020.4.304/intel64/lib]
  collapse library dir [/sw/eb/sw/UCX/1.9.0-GCCcore-10.2.0/lib] ==> [/sw/eb/sw/UCX/1.9.0-GCCcore-10.2.0/lib]
  collapse library dir [/sw/eb/sw/numactl/2.0.13-GCCcore-10.2.0/lib] ==> [/sw/eb/sw/numactl/2.0.13-GCCcore-10.2.0/lib]
  collapse library dir [/sw/eb/sw/iccifort/2020.4.304/compilers_and_libraries_2020.4.304/linux/tbb/lib/intel64/gcc4.8] ==> [/sw/eb/sw/iccifort/2020.4.304/compilers_and_libraries_2020.4.304/linux/tbb/lib/intel64/gcc4.8]
  collapse library dir [/sw/eb/sw/binutils/2.35-GCCcore-10.2.0/lib] ==> [/sw/eb/sw/binutils/2.35-GCCcore-10.2.0/lib]
  collapse library dir [/sw/eb/sw/GCCcore/10.2.0/lib/gcc/x86_64-pc-linux-gnu/10.2.0/../../..] ==> [/sw/eb/sw/GCCcore/10.2.0/lib]
  implicit libs: [stdc++;m;gcc_s;gcc;c;gcc_s;gcc]
  implicit dirs: [/sw/eb/sw/zlib/1.2.11-intel-2020b/lib64;/sw/eb/sw/UCX/1.9.0-GCCcore-10.2.0/lib64;/sw/eb/sw/numactl/2.0.13-GCCcore-10.2.0/lib64;/sw/eb/sw/binutils/2.35-GCCcore-10.2.0/lib64;/sw/eb/sw/GCCcore/10.2.0/lib/gcc/x86_64-pc-linux-gnu/10.2.0;/sw/eb/sw/GCCcore/10.2.0/lib64;/lib64;/usr/lib64;/sw/eb/sw/zlib/1.2.11-intel-2020b/lib;/sw/eb/sw/imkl/2020.4.304-iimpi-2020b/mkl/lib/intel64;/sw/eb/sw/imkl/2020.4.304-iimpi-2020b/lib/intel64;/sw/eb/sw/impi/2019.9.304-iccifort-2020.4.304/intel64/libfabric/lib;/sw/eb/sw/impi/2019.9.304-iccifort-2020.4.304/intel64/lib/release;/sw/eb/sw/impi/2019.9.304-iccifort-2020.4.304/intel64/lib;/sw/eb/sw/UCX/1.9.0-GCCcore-10.2.0/lib;/sw/eb/sw/numactl/2.0.13-GCCcore-10.2.0/lib;/sw/eb/sw/iccifort/2020.4.304/compilers_and_libraries_2020.4.304/linux/tbb/lib/intel64/gcc4.8;/sw/eb/sw/binutils/2.35-GCCcore-10.2.0/lib;/sw/eb/sw/GCCcore/10.2.0/lib]
  implicit fwks: []




Detecting CXX [-std=c++2a] compiler features compiled with the following output:
Change Dir: /scratch/user/roeebelkin/14-peas-in-a-pod/bubble sort/CMakeFiles/CMakeTmp

Run Build Command:"/usr/bin/gmake" "cmTC_56c16/fast"
/usr/bin/gmake -f CMakeFiles/cmTC_56c16.dir/build.make CMakeFiles/cmTC_56c16.dir/build
gmake[1]: Entering directory `/scratch/user/roeebelkin/14-peas-in-a-pod/bubble sort/CMakeFiles/CMakeTmp'
Building CXX object CMakeFiles/cmTC_56c16.dir/feature_tests.cxx.o
/sw/eb/sw/GCCcore/10.2.0/bin/c++    -std=c++2a -o CMakeFiles/cmTC_56c16.dir/feature_tests.cxx.o -c "/scratch/user/roeebelkin/14-peas-in-a-pod/bubble sort/CMakeFiles/feature_tests.cxx"
Linking CXX executable cmTC_56c16
/sw/eb/sw/CMake/3.12.1/bin/cmake -E cmake_link_script CMakeFiles/cmTC_56c16.dir/link.txt --verbose=1
/sw/eb/sw/GCCcore/10.2.0/bin/c++       -rdynamic CMakeFiles/cmTC_56c16.dir/feature_tests.cxx.o  -o cmTC_56c16 
gmake[1]: Leaving directory `/scratch/user/roeebelkin/14-peas-in-a-pod/bubble sort/CMakeFiles/CMakeTmp'


    Feature record: CXX_FEATURE:1cxx_aggregate_default_initializers
    Feature record: CXX_FEATURE:1cxx_alias_templates
    Feature record: CXX_FEATURE:1cxx_alignas
    Feature record: CXX_FEATURE:1cxx_alignof
    Feature record: CXX_FEATURE:1cxx_attributes
    Feature record: CXX_FEATURE:1cxx_attribute_deprecated
    Feature record: CXX_FEATURE:1cxx_auto_type
    Feature record: CXX_FEATURE:1cxx_binary_literals
    Feature record: CXX_FEATURE:1cxx_constexpr
    Feature record: CXX_FEATURE:1cxx_contextual_conversions
    Feature record: CXX_FEATURE:1cxx_decltype
    Feature record: CXX_FEATURE:1cxx_decltype_auto
    Feature record: CXX_FEATURE:1cxx_decltype_incomplete_return_types
    Feature record: CXX_FEATURE:1cxx_default_function_template_args
    Feature record: CXX_FEATURE:1cxx_defaulted_functions
    Feature record: CXX_FEATURE:1cxx_defaulted_move_initializers
    Feature record: CXX_FEATURE:1cxx_delegating_constructors
    Feature record: CXX_FEATURE:1cxx_deleted_functions
    Feature record: CXX_FEATURE:1cxx_digit_separators
    Feature record: CXX_FEATURE:1cxx_enum_forward_declarations
    Feature record: CXX_FEATURE:1cxx_explicit_conversions
    Feature record: CXX_FEATURE:1cxx_extended_friend_declarations
    Feature record: CXX_FEATURE:1cxx_extern_templates
    Feature record: CXX_FEATURE:1cxx_final
    Feature record: CXX_FEATURE:1cxx_func_identifier
    Feature record: CXX_FEATURE:1cxx_generalized_initializers
    Feature record: CXX_FEATURE:1cxx_generic_lambdas
    Feature record: CXX_FEATURE:1cxx_inheriting_constructors
    Feature record: CXX_FEATURE:1cxx_inline_namespaces
    Feature record: CXX_FEATURE:1cxx_lambdas
    Feature record: CXX_FEATURE:1cxx_lambda_init_captures
    Feature record: CXX_FEATURE:1cxx_local_type_template_args
    Feature record: CXX_FEATURE:1cxx_long_long_type
    Feature record: CXX_FEATURE:1cxx_noexcept
    Feature record: CXX_FEATURE:1cxx_nonstatic_member_init
    Feature record: CXX_FEATURE:1cxx_nullptr
    Feature record: CXX_FEATURE:1cxx_override
    Feature record: CXX_FEATURE:1cxx_range_for
    Feature record: CXX_FEATURE:1cxx_raw_string_literals
    Feature record: CXX_FEATURE:1cxx_reference_qualified_functions
    Feature record: CXX_FEATURE:1cxx_relaxed_constexpr
    Feature record: CXX_FEATURE:1cxx_return_type_deduction
    Feature record: CXX_FEATURE:1cxx_right_angle_brackets
    Feature record: CXX_FEATURE:1cxx_rvalue_references
    Feature record: CXX_FEATURE:1cxx_sizeof_member
    Feature record: CXX_FEATURE:1cxx_static_assert
    Feature record: CXX_FEATURE:1cxx_strong_enums
    Feature record: CXX_FEATURE:1cxx_template_template_parameters
    Feature record: CXX_FEATURE:1cxx_thread_local
    Feature record: CXX_FEATURE:1cxx_trailing_return_types
    Feature record: CXX_FEATURE:1cxx_unicode_literals
    Feature record: CXX_FEATURE:1cxx_uniform_initialization
    Feature record: CXX_FEATURE:1cxx_unrestricted_unions
    Feature record: CXX_FEATURE:1cxx_user_literals
    Feature record: CXX_FEATURE:1cxx_variable_templates
    Feature record: CXX_FEATURE:1cxx_variadic_macros
    Feature record: CXX_FEATURE:1cxx_variadic_templates


Detecting CXX [-std=c++17] compiler features compiled with the following output:
Change Dir: /scratch/user/roeebelkin/14-peas-in-a-pod/bubble sort/CMakeFiles/CMakeTmp

Run Build Command:"/usr/bin/gmake" "cmTC_cc58e/fast"
/usr/bin/gmake -f CMakeFiles/cmTC_cc58e.dir/build.make CMakeFiles/cmTC_cc58e.dir/build
gmake[1]: Entering directory `/scratch/user/roeebelkin/14-peas-in-a-pod/bubble sort/CMakeFiles/CMakeTmp'
Building CXX object CMakeFiles/cmTC_cc58e.dir/feature_tests.cxx.o
/sw/eb/sw/GCCcore/10.2.0/bin/c++    -std=c++17 -o CMakeFiles/cmTC_cc58e.dir/feature_tests.cxx.o -c "/scratch/user/roeebelkin/14-peas-in-a-pod/bubble sort/CMakeFiles/feature_tests.cxx"
Linking CXX executable cmTC_cc58e
/sw/eb/sw/CMake/3.12.1/bin/cmake -E cmake_link_script CMakeFiles/cmTC_cc58e.dir/link.txt --verbose=1
/sw/eb/sw/GCCcore/10.2.0/bin/c++       -rdynamic CMakeFiles/cmTC_cc58e.dir/feature_tests.cxx.o  -o cmTC_cc58e 
gmake[1]: Leaving directory `/scratch/user/roeebelkin/14-peas-in-a-pod/bubble sort/CMakeFiles/CMakeTmp'


    Feature record: CXX_FEATURE:1cxx_aggregate_default_initializers
    Feature record: CXX_FEATURE:1cxx_alias_templates
    Feature record: CXX_FEATURE:1cxx_alignas
    Feature record: CXX_FEATURE:1cxx_alignof
    Feature record: CXX_FEATURE:1cxx_attributes
    Feature record: CXX_FEATURE:1cxx_attribute_deprecated
    Feature record: CXX_FEATURE:1cxx_auto_type
    Feature record: CXX_FEATURE:1cxx_binary_literals
    Feature record: CXX_FEATURE:1cxx_constexpr
    Feature record: CXX_FEATURE:1cxx_contextual_conversions
    Feature record: CXX_FEATURE:1cxx_decltype
    Feature record: CXX_FEATURE:1cxx_decltype_auto
    Feature record: CXX_FEATURE:1cxx_decltype_incomplete_return_types
    Feature record: CXX_FEATURE:1cxx_default_function_template_args
    Feature record: CXX_FEATURE:1cxx_defaulted_functions
    Feature record: CXX_FEATURE:1cxx_defaulted_move_initializers
    Feature record: CXX_FEATURE:1cxx_delegating_constructors
    Feature record: CXX_FEATURE:1cxx_deleted_functions
    Feature record: CXX_FEATURE:1cxx_digit_separators
    Feature record: CXX_FEATURE:1cxx_enum_forward_declarations
    Feature record: CXX_FEATURE:1cxx_explicit_conversions
    Feature record: CXX_FEATURE:1cxx_extended_friend_declarations
    Feature record: CXX_FEATURE:1cxx_extern_templates
    Feature record: CXX_FEATURE:1cxx_final
    Feature record: CXX_FEATURE:1cxx_func_identifier
    Feature record: CXX_FEATURE:1cxx_generalized_initializers
    Feature record: CXX_FEATURE:1cxx_generic_lambdas
    Feature record: CXX_FEATURE:1cxx_inheriting_constructors
    Feature record: CXX_FEATURE:1cxx_inline_namespaces
    Feature record: CXX_FEATURE:1cxx_lambdas
    Feature record: CXX_FEATURE:1cxx_lambda_init_captures
    Feature record: CXX_FEATURE:1cxx_local_type_template_args
    Feature record: CXX_FEATURE:1cxx_long_long_type
    Feature record: CXX_FEATURE:1cxx_noexcept
    Feature record: CXX_FEATURE:1cxx_nonstatic_member_init
    Feature record: CXX_FEATURE:1cxx_nullptr
    Feature record: CXX_FEATURE:1cxx_override
    Feature record: CXX_FEATURE:1cxx_range_for
    Feature record: CXX_FEATURE:1cxx_raw_string_literals
    Feature record: CXX_FEATURE:1cxx_reference_qualified_functions
    Feature record: CXX_FEATURE:1cxx_relaxed_constexpr
    Feature record: CXX_FEATURE:1cxx_return_type_deduction
    Feature record: CXX_FEATURE:1cxx_right_angle_brackets
    Feature record: CXX_FEATURE:1cxx_rvalue_references
    Feature record: CXX_FEATURE:1cxx_sizeof_member
    Feature record: CXX_FEATURE:1cxx_static_assert
    Feature record: CXX_FEATURE:1cxx_strong_enums
    Feature record: CXX_FEATURE:1cxx_template_template_parameters
    Feature record: CXX_FEATURE:1cxx_thread_local
    Feature record: CXX_FEATURE:1cxx_trailing_return_types
    Feature record: CXX_FEATURE:1cxx_unicode_literals
    Feature record: CXX_FEATURE:1cxx_uniform_initialization
    Feature record: CXX_FEATURE:1cxx_unrestricted_unions
    Feature record: CXX_FEATURE:1cxx_user_literals
    Feature record: CXX_FEATURE:1cxx_variable_templates
    Feature record: CXX_FEATURE:1cxx_variadic_macros
    Feature record: CXX_FEATURE:1cxx_variadic_templates


Detecting CXX [-std=c++14] compiler features compiled with the following output:
Change Dir: /scratch/user/roeebelkin/14-peas-in-a-pod/bubble sort/CMakeFiles/CMakeTmp

Run Build Command:"/usr/bin/gmake" "cmTC_32727/fast"
/usr/bin/gmake -f CMakeFiles/cmTC_32727.dir/build.make CMakeFiles/cmTC_32727.dir/build
gmake[1]: Entering directory `/scratch/user/roeebelkin/14-peas-in-a-pod/bubble sort/CMakeFiles/CMakeTmp'
Building CXX object CMakeFiles/cmTC_32727.dir/feature_tests.cxx.o
/sw/eb/sw/GCCcore/10.2.0/bin/c++    -std=c++14 -o CMakeFiles/cmTC_32727.dir/feature_tests.cxx.o -c "/scratch/user/roeebelkin/14-peas-in-a-pod/bubble sort/CMakeFiles/feature_tests.cxx"
Linking CXX executable cmTC_32727
/sw/eb/sw/CMake/3.12.1/bin/cmake -E cmake_link_script CMakeFiles/cmTC_32727.dir/link.txt --verbose=1
/sw/eb/sw/GCCcore/10.2.0/bin/c++       -rdynamic CMakeFiles/cmTC_32727.dir/feature_tests.cxx.o  -o cmTC_32727 
gmake[1]: Leaving directory `/scratch/user/roeebelkin/14-peas-in-a-pod/bubble sort/CMakeFiles/CMakeTmp'


    Feature record: CXX_FEATURE:1cxx_aggregate_default_initializers
    Feature record: CXX_FEATURE:1cxx_alias_templates
    Feature record: CXX_FEATURE:1cxx_alignas
    Feature record: CXX_FEATURE:1cxx_alignof
    Feature record: CXX_FEATURE:1cxx_attributes
    Feature record: CXX_FEATURE:1cxx_attribute_deprecated
    Feature record: CXX_FEATURE:1cxx_auto_type
    Feature record: CXX_FEATURE:1cxx_binary_literals
    Feature record: CXX_FEATURE:1cxx_constexpr
    Feature record: CXX_FEATURE:1cxx_contextual_conversions
    Feature record: CXX_FEATURE:1cxx_decltype
    Feature record: CXX_FEATURE:1cxx_decltype_auto
    Feature record: CXX_FEATURE:1cxx_decltype_incomplete_return_types
    Feature record: CXX_FEATURE:1cxx_default_function_template_args
    Feature record: CXX_FEATURE:1cxx_defaulted_functions
    Feature record: CXX_FEATURE:1cxx_defaulted_move_initializers
    Feature record: CXX_FEATURE:1cxx_delegating_constructors
    Feature record: CXX_FEATURE:1cxx_deleted_functions
    Feature record: CXX_FEATURE:1cxx_digit_separators
    Feature record: CXX_FEATURE:1cxx_enum_forward_declarations
    Feature record: CXX_FEATURE:1cxx_explicit_conversions
    Feature record: CXX_FEATURE:1cxx_extended_friend_declarations
    Feature record: CXX_FEATURE:1cxx_extern_templates
    Feature record: CXX_FEATURE:1cxx_final
    Feature record: CXX_FEATURE:1cxx_func_identifier
    Feature record: CXX_FEATURE:1cxx_generalized_initializers
    Feature record: CXX_FEATURE:1cxx_generic_lambdas
    Feature record: CXX_FEATURE:1cxx_inheriting_constructors
    Feature record: CXX_FEATURE:1cxx_inline_namespaces
    Feature record: CXX_FEATURE:1cxx_lambdas
    Feature record: CXX_FEATURE:1cxx_lambda_init_captures
    Feature record: CXX_FEATURE:1cxx_local_type_template_args
    Feature record: CXX_FEATURE:1cxx_long_long_type
    Feature record: CXX_FEATURE:1cxx_noexcept
    Feature record: CXX_FEATURE:1cxx_nonstatic_member_init
    Feature record: CXX_FEATURE:1cxx_nullptr
    Feature record: CXX_FEATURE:1cxx_override
    Feature record: CXX_FEATURE:1cxx_range_for
    Feature record: CXX_FEATURE:1cxx_raw_string_literals
    Feature record: CXX_FEATURE:1cxx_reference_qualified_functions
    Feature record: CXX_FEATURE:1cxx_relaxed_constexpr
    Feature record: CXX_FEATURE:1cxx_return_type_deduction
    Feature record: CXX_FEATURE:1cxx_right_angle_brackets
    Feature record: CXX_FEATURE:1cxx_rvalue_references
    Feature record: CXX_FEATURE:1cxx_sizeof_member
    Feature record: CXX_FEATURE:1cxx_static_assert
    Feature record: CXX_FEATURE:1cxx_strong_enums
    Feature record: CXX_FEATURE:1cxx_template_template_parameters
    Feature record: CXX_FEATURE:1cxx_thread_local
    Feature record: CXX_FEATURE:1cxx_trailing_return_types
    Feature record: CXX_FEATURE:1cxx_unicode_literals
    Feature record: CXX_FEATURE:1cxx_uniform_initialization
    Feature record: CXX_FEATURE:1cxx_unrestricted_unions
    Feature record: CXX_FEATURE:1cxx_user_literals
    Feature record: CXX_FEATURE:1cxx_variable_templates
    Feature record: CXX_FEATURE:1cxx_variadic_macros
    Feature record: CXX_FEATURE:1cxx_variadic_templates


Detecting CXX [-std=c++11] compiler features compiled with the following output:
Change Dir: /scratch/user/roeebelkin/14-peas-in-a-pod/bubble sort/CMakeFiles/CMakeTmp

Run Build Command:"/usr/bin/gmake" "cmTC_abdd3/fast"
/usr/bin/gmake -f CMakeFiles/cmTC_abdd3.dir/build.make CMakeFiles/cmTC_abdd3.dir/build
gmake[1]: Entering directory `/scratch/user/roeebelkin/14-peas-in-a-pod/bubble sort/CMakeFiles/CMakeTmp'
Building CXX object CMakeFiles/cmTC_abdd3.dir/feature_tests.cxx.o
/sw/eb/sw/GCCcore/10.2.0/bin/c++    -std=c++11 -o CMakeFiles/cmTC_abdd3.dir/feature_tests.cxx.o -c "/scratch/user/roeebelkin/14-peas-in-a-pod/bubble sort/CMakeFiles/feature_tests.cxx"
Linking CXX executable cmTC_abdd3
/sw/eb/sw/CMake/3.12.1/bin/cmake -E cmake_link_script CMakeFiles/cmTC_abdd3.dir/link.txt --verbose=1
/sw/eb/sw/GCCcore/10.2.0/bin/c++       -rdynamic CMakeFiles/cmTC_abdd3.dir/feature_tests.cxx.o  -o cmTC_abdd3 
gmake[1]: Leaving directory `/scratch/user/roeebelkin/14-peas-in-a-pod/bubble sort/CMakeFiles/CMakeTmp'


    Feature record: CXX_FEATURE:0cxx_aggregate_default_initializers
    Feature record: CXX_FEATURE:1cxx_alias_templates
    Feature record: CXX_FEATURE:1cxx_alignas
    Feature record: CXX_FEATURE:1cxx_alignof
    Feature record: CXX_FEATURE:1cxx_attributes
    Feature record: CXX_FEATURE:0cxx_attribute_deprecated
    Feature record: CXX_FEATURE:1cxx_auto_type
    Feature record: CXX_FEATURE:0cxx_binary_literals
    Feature record: CXX_FEATURE:1cxx_constexpr
    Feature record: CXX_FEATURE:0cxx_contextual_conversions
    Feature record: CXX_FEATURE:1cxx_decltype
    Feature record: CXX_FEATURE:0cxx_decltype_auto
    Feature record: CXX_FEATURE:1cxx_decltype_incomplete_return_types
    Feature record: CXX_FEATURE:1cxx_default_function_template_args
    Feature record: CXX_FEATURE:1cxx_defaulted_functions
    Feature record: CXX_FEATURE:1cxx_defaulted_move_initializers
    Feature record: CXX_FEATURE:1cxx_delegating_constructors
    Feature record: CXX_FEATURE:1cxx_deleted_functions
    Feature record: CXX_FEATURE:0cxx_digit_separators
    Feature record: CXX_FEATURE:1cxx_enum_forward_declarations
    Feature record: CXX_FEATURE:1cxx_explicit_conversions
    Feature record: CXX_FEATURE:1cxx_extended_friend_declarations
    Feature record: CXX_FEATURE:1cxx_extern_templates
    Feature record: CXX_FEATURE:1cxx_final
    Feature record: CXX_FEATURE:1cxx_func_identifier
    Feature record: CXX_FEATURE:1cxx_generalized_initializers
    Feature record: CXX_FEATURE:0cxx_generic_lambdas
    Feature record: CXX_FEATURE:1cxx_inheriting_constructors
    Feature record: CXX_FEATURE:1cxx_inline_namespaces
    Feature record: CXX_FEATURE:1cxx_lambdas
    Feature record: CXX_FEATURE:0cxx_lambda_init_captures
    Feature record: CXX_FEATURE:1cxx_local_type_template_args
    Feature record: CXX_FEATURE:1cxx_long_long_type
    Feature record: CXX_FEATURE:1cxx_noexcept
    Feature record: CXX_FEATURE:1cxx_nonstatic_member_init
    Feature record: CXX_FEATURE:1cxx_nullptr
    Feature record: CXX_FEATURE:1cxx_override
    Feature record: CXX_FEATURE:1cxx_range_for
    Feature record: CXX_FEATURE:1cxx_raw_string_literals
    Feature record: CXX_FEATURE:1cxx_reference_qualified_functions
    Feature record: CXX_FEATURE:0cxx_relaxed_constexpr
    Feature record: CXX_FEATURE:0cxx_return_type_deduction
    Feature record: CXX_FEATURE:1cxx_right_angle_brackets
    Feature record: CXX_FEATURE:1cxx_rvalue_references
    Feature record: CXX_FEATURE:1cxx_sizeof_member
    Feature record: CXX_FEATURE:1cxx_static_assert
    Feature record: CXX_FEATURE:1cxx_strong_enums
    Feature record: CXX_FEATURE:1cxx_template_template_parameters
    Feature record: CXX_FEATURE:1cxx_thread_local
    Feature record: CXX_FEATURE:1cxx_trailing_return_types
    Feature record: CXX_FEATURE:1cxx_unicode_literals
    Feature record: CXX_FEATURE:1cxx_uniform_initialization
    Feature record: CXX_FEATURE:1cxx_unrestricted_unions
    Feature record: CXX_FEATURE:1cxx_user_literals
    Feature record: CXX_FEATURE:0cxx_variable_templates
    Feature record: CXX_FEATURE:1cxx_variadic_macros
    Feature record: CXX_FEATURE:1cxx_variadic_templates


Detecting CXX [-std=c++98] compiler features compiled with the following output:
Change Dir: /scratch/user/roeebelkin/14-peas-in-a-pod/bubble sort/CMakeFiles/CMakeTmp

Run Build Command:"/usr/bin/gmake" "cmTC_05e60/fast"
/usr/bin/gmake -f CMakeFiles/cmTC_05e60.dir/build.make CMakeFiles/cmTC_05e60.dir/build
gmake[1]: Entering directory `/scratch/user/roeebelkin/14-peas-in-a-pod/bubble sort/CMakeFiles/CMakeTmp'
Building CXX object CMakeFiles/cmTC_05e60.dir/feature_tests.cxx.o
/sw/eb/sw/GCCcore/10.2.0/bin/c++    -std=c++98 -o CMakeFiles/cmTC_05e60.dir/feature_tests.cxx.o -c "/scratch/user/roeebelkin/14-peas-in-a-pod/bubble sort/CMakeFiles/feature_tests.cxx"
Linking CXX executable cmTC_05e60
/sw/eb/sw/CMake/3.12.1/bin/cmake -E cmake_link_script CMakeFiles/cmTC_05e60.dir/link.txt --verbose=1
/sw/eb/sw/GCCcore/10.2.0/bin/c++       -rdynamic CMakeFiles/cmTC_05e60.dir/feature_tests.cxx.o  -o cmTC_05e60 
gmake[1]: Leaving directory `/scratch/user/roeebelkin/14-peas-in-a-pod/bubble sort/CMakeFiles/CMakeTmp'


    Feature record: CXX_FEATURE:0cxx_aggregate_default_initializers
    Feature record: CXX_FEATURE:0cxx_alias_templates
    Feature record: CXX_FEATURE:0cxx_alignas
    Feature record: CXX_FEATURE:0cxx_alignof
    Feature record: CXX_FEATURE:0cxx_attributes
    Feature record: CXX_FEATURE:0cxx_attribute_deprecated
    Feature record: CXX_FEATURE:0cxx_auto_type
    Feature record: CXX_FEATURE:0cxx_binary_literals
    Feature record: CXX_FEATURE:0cxx_constexpr
    Feature record: CXX_FEATURE:0cxx_contextual_conversions
    Feature record: CXX_FEATURE:0cxx_decltype
    Feature record: CXX_FEATURE:0cxx_decltype_auto
    Feature record: CXX_FEATURE:0cxx_decltype_incomplete_return_types
    Feature record: CXX_FEATURE:0cxx_default_function_template_args
    Feature record: CXX_FEATURE:0cxx_defaulted_functions
    Feature record: CXX_FEATURE:0cxx_defaulted_move_initializers
    Feature record: CXX_FEATURE:0cxx_delegating_constructors
    Feature record: CXX_FEATURE:0cxx_deleted_functions
    Feature record: CXX_FEATURE:0cxx_digit_separators
    Feature record: CXX_FEATURE:0cxx_enum_forward_declarations
    Feature record: CXX_FEATURE:0cxx_explicit_conversions
    Feature record: CXX_FEATURE:0cxx_extended_friend_declarations
    Feature record: CXX_FEATURE:0cxx_extern_templates
    Feature record: CXX_FEATURE:0cxx_final
    Feature record: CXX_FEATURE:0cxx_func_identifier
    Feature record: CXX_FEATURE:0cxx_generalized_initializers
    Feature record: CXX_FEATURE:0cxx_generic_lambdas
    Feature record: CXX_FEATURE:0cxx_inheriting_constructors
    Feature record: CXX_FEATURE:0cxx_inline_namespaces
    Feature record: CXX_FEATURE:0cxx_lambdas
    Feature record: CXX_FEATURE:0cxx_lambda_init_captures
    Feature record: CXX_FEATURE:0cxx_local_type_template_args
    Feature record: CXX_FEATURE:0cxx_long_long_type
    Feature record: CXX_FEATURE:0cxx_noexcept
    Feature record: CXX_FEATURE:0cxx_nonstatic_member_init
    Feature record: CXX_FEATURE:0cxx_nullptr
    Feature record: CXX_FEATURE:0cxx_override
    Feature record: CXX_FEATURE:0cxx_range_for
    Feature record: CXX_FEATURE:0cxx_raw_string_literals
    Feature record: CXX_FEATURE:0cxx_reference_qualified_functions
    Feature record: CXX_FEATURE:0cxx_relaxed_constexpr
    Feature record: CXX_FEATURE:0cxx_return_type_deduction
    Feature record: CXX_FEATURE:0cxx_right_angle_brackets
    Feature record: CXX_FEATURE:0cxx_rvalue_references
    Feature record: CXX_FEATURE:0cxx_sizeof_member
    Feature record: CXX_FEATURE:0cxx_static_assert
    Feature record: CXX_FEATURE:0cxx_strong_enums
    Feature record: CXX_FEATURE:1cxx_template_template_parameters
    Feature record: CXX_FEATURE:0cxx_thread_local
    Feature record: CXX_FEATURE:0cxx_trailing_return_types
    Feature record: CXX_FEATURE:0cxx_unicode_literals
    Feature record: CXX_FEATURE:0cxx_uniform_initialization
    Feature record: CXX_FEATURE:0cxx_unrestricted_unions
    Feature record: CXX_FEATURE:0cxx_user_literals
    Feature record: CXX_FEATURE:0cxx_variable_templates
    Feature record: CXX_FEATURE:0cxx_variadic_macros
    Feature record: CXX_FEATURE:0cxx_variadic_templates
Determining if the include file pthread.h exists passed with the following output:
Change Dir: /scratch/user/roeebelkin/14-peas-in-a-pod/bubble sort/CMakeFiles/CMakeTmp

Run Build Command:"/usr/bin/gmake" "cmTC_e335d/fast"
/usr/bin/gmake -f CMakeFiles/cmTC_e335d.dir/build.make CMakeFiles/cmTC_e335d.dir/build
gmake[1]: Entering directory `/scratch/user/roeebelkin/14-peas-in-a-pod/bubble sort/CMakeFiles/CMakeTmp'
Building C object CMakeFiles/cmTC_e335d.dir/CheckIncludeFile.c.o
/sw/eb/sw/GCCcore/10.2.0/bin/cc    -o CMakeFiles/cmTC_e335d.dir/CheckIncludeFile.c.o   -c "/scratch/user/roeebelkin/14-peas-in-a-pod/bubble sort/CMakeFiles/CMakeTmp/CheckIncludeFile.c"
Linking C executable cmTC_e335d
/sw/eb/sw/CMake/3.12.1/bin/cmake -E cmake_link_script CMakeFiles/cmTC_e335d.dir/link.txt --verbose=1
/sw/eb/sw/GCCcore/10.2.0/bin/cc      CMakeFiles/cmTC_e335d.dir/CheckIncludeFile.c.o  -o cmTC_e335d 
gmake[1]: Leaving directory `/scratch/user/roeebelkin/14-peas-in-a-pod/bubble sort/CMakeFiles/CMakeTmp'


Determining if the function pthread_create exists in the pthread passed with the following output:
Change Dir: /scratch/user/roeebelkin/14-peas-in-a-pod/bubble sort/CMakeFiles/CMakeTmp

Run Build Command:"/usr/bin/gmake" "cmTC_54df2/fast"
/usr/bin/gmake -f CMakeFiles/cmTC_54df2.dir/build.make CMakeFiles/cmTC_54df2.dir/build
gmake[1]: Entering directory `/scratch/user/roeebelkin/14-peas-in-a-pod/bubble sort/CMakeFiles/CMakeTmp'
Building C object CMakeFiles/cmTC_54df2.dir/CheckFunctionExists.c.o
/sw/eb/sw/GCCcore/10.2.0/bin/cc   -DCHECK_FUNCTION_EXISTS=pthread_create   -o CMakeFiles/cmTC_54df2.dir/CheckFunctionExists.c.o   -c /sw/eb/sw/CMake/3.12.1/share/cmake-3.12/Modules/CheckFunctionExists.c
Linking C executable cmTC_54df2
/sw/eb/sw/CMake/3.12.1/bin/cmake -E cmake_link_script CMakeFiles/cmTC_54df2.dir/link.txt --verbose=1
/sw/eb/sw/GCCcore/10.2.0/bin/cc  -DCHECK_FUNCTION_EXISTS=pthread_create    CMakeFiles/cmTC_54df2.dir/CheckFunctionExists.c.o  -o cmTC_54df2 -lpthread 
gmake[1]: Leaving directory `/scratch/user/roeebelkin/14-peas-in-a-pod/bubble sort/CMakeFiles/CMakeTmp'


