Determining if the pthread_create exist failed with the following output:
Change Dir: /scratch/user/emily.wax/csce435/final_project/14-peas-in-a-pod/CMakeFiles/CMakeTmp

Run Build Command:"/usr/bin/gmake" "cmTC_25095/fast"
/usr/bin/gmake -f CMakeFiles/cmTC_25095.dir/build.make CMakeFiles/cmTC_25095.dir/build
gmake[1]: Entering directory `/scratch/user/emily.wax/csce435/final_project/14-peas-in-a-pod/CMakeFiles/CMakeTmp'
Building C object CMakeFiles/cmTC_25095.dir/CheckSymbolExists.c.o
/sw/eb/sw/GCCcore/10.2.0/bin/cc    -o CMakeFiles/cmTC_25095.dir/CheckSymbolExists.c.o   -c /scratch/user/emily.wax/csce435/final_project/14-peas-in-a-pod/CMakeFiles/CMakeTmp/CheckSymbolExists.c
Linking C executable cmTC_25095
/sw/eb/sw/CMake/3.12.1/bin/cmake -E cmake_link_script CMakeFiles/cmTC_25095.dir/link.txt --verbose=1
/sw/eb/sw/GCCcore/10.2.0/bin/cc      CMakeFiles/cmTC_25095.dir/CheckSymbolExists.c.o  -o cmTC_25095 
CMakeFiles/cmTC_25095.dir/CheckSymbolExists.c.o:CheckSymbolExists.c:function main: error: undefined reference to 'pthread_create'
collect2: error: ld returned 1 exit status
gmake[1]: *** [cmTC_25095] Error 1
gmake[1]: Leaving directory `/scratch/user/emily.wax/csce435/final_project/14-peas-in-a-pod/CMakeFiles/CMakeTmp'
gmake: *** [cmTC_25095/fast] Error 2

File /scratch/user/emily.wax/csce435/final_project/14-peas-in-a-pod/CMakeFiles/CMakeTmp/CheckSymbolExists.c:
/* */
#include <pthread.h>

int main(int argc, char** argv)
{
  (void)argv;
#ifndef pthread_create
  return ((int*)(&pthread_create))[argc];
#else
  (void)argc;
  return 0;
#endif
}

Determining if the function pthread_create exists in the pthreads failed with the following output:
Change Dir: /scratch/user/emily.wax/csce435/final_project/14-peas-in-a-pod/CMakeFiles/CMakeTmp

Run Build Command:"/usr/bin/gmake" "cmTC_2646e/fast"
/usr/bin/gmake -f CMakeFiles/cmTC_2646e.dir/build.make CMakeFiles/cmTC_2646e.dir/build
gmake[1]: Entering directory `/scratch/user/emily.wax/csce435/final_project/14-peas-in-a-pod/CMakeFiles/CMakeTmp'
Building C object CMakeFiles/cmTC_2646e.dir/CheckFunctionExists.c.o
/sw/eb/sw/GCCcore/10.2.0/bin/cc   -DCHECK_FUNCTION_EXISTS=pthread_create   -o CMakeFiles/cmTC_2646e.dir/CheckFunctionExists.c.o   -c /sw/eb/sw/CMake/3.12.1/share/cmake-3.12/Modules/CheckFunctionExists.c
Linking C executable cmTC_2646e
/sw/eb/sw/CMake/3.12.1/bin/cmake -E cmake_link_script CMakeFiles/cmTC_2646e.dir/link.txt --verbose=1
/sw/eb/sw/GCCcore/10.2.0/bin/cc  -DCHECK_FUNCTION_EXISTS=pthread_create    CMakeFiles/cmTC_2646e.dir/CheckFunctionExists.c.o  -o cmTC_2646e -lpthreads 
/sw/eb/sw/binutils/2.35-GCCcore-10.2.0/bin/ld.gold: error: cannot find -lpthreads
CMakeFiles/cmTC_2646e.dir/CheckFunctionExists.c.o:CheckFunctionExists.c:function main: error: undefined reference to 'pthread_create'
collect2: error: ld returned 1 exit status
gmake[1]: *** [cmTC_2646e] Error 1
gmake[1]: Leaving directory `/scratch/user/emily.wax/csce435/final_project/14-peas-in-a-pod/CMakeFiles/CMakeTmp'
gmake: *** [cmTC_2646e/fast] Error 2


